Performing C SOURCE FILE Test OPT_Wenum_conversion failed with the following output:
Change Dir: /tmp/curl/build/CMakeFiles/CMakeTmp

Run Build Command(s):/usr/bin/make cmTC_4a357/fast && /usr/bin/make -f CMakeFiles/cmTC_4a357.dir/build.make CMakeFiles/cmTC_4a357.dir/build
make[1]: Entering directory '/tmp/curl/build/CMakeFiles/CMakeTmp'
Building C object CMakeFiles/cmTC_4a357.dir/src.c.o
/usr/bin/cc   -DOPT_Wenum_conversion -fPIE   -Wenum-conversion -o CMakeFiles/cmTC_4a357.dir/src.c.o   -c /tmp/curl/build/CMakeFiles/CMakeTmp/src.c
cc: error: unrecognized command line option '-Wenum-conversion'; did you mean '-Wno-conversion'?
make[1]: *** [CMakeFiles/cmTC_4a357.dir/build.make:66: CMakeFiles/cmTC_4a357.dir/src.c.o] Error 1
make[1]: Leaving directory '/tmp/curl/build/CMakeFiles/CMakeTmp'
make: *** [Makefile:121: cmTC_4a357/fast] Error 2


Source file was:
int main(void) { return 0; }
Performing C SOURCE FILE Test CMAKE_HAVE_LIBC_PTHREAD failed with the following output:
Change Dir: /tmp/curl/build/CMakeFiles/CMakeTmp

Run Build Command(s):/usr/bin/make cmTC_62afa/fast && /usr/bin/make -f CMakeFiles/cmTC_62afa.dir/build.make CMakeFiles/cmTC_62afa.dir/build
make[1]: Entering directory '/tmp/curl/build/CMakeFiles/CMakeTmp'
Building C object CMakeFiles/cmTC_62afa.dir/src.c.o
/usr/bin/cc   -W -Wall -pedantic -Wbad-function-cast -Wconversion -Winline -Wmissing-declarations -Wmissing-prototypes -Wnested-externs -Wno-long-long -Wno-multichar -Wpointer-arith -Wshadow -Wsign-compare -Wundef -Wunused -Wwrite-strings -Wcast-align -Wdeclaration-after-statement -Wempty-body -Wendif-labels -Wfloat-equal -Wignored-qualifiers -Wno-format-nonliteral -Wno-sign-conversion -Wno-system-headers -Wstrict-prototypes -Wtype-limits -Wvla -Wmissing-parameter-type -Wold-style-declaration -Wstrict-aliasing=3 -Wformat=2 -Warray-bounds=2 -ftree-vrp -Wduplicated-cond -Wnull-dereference -fdelete-null-pointer-checks -Wshift-negative-value -Wshift-overflow=2 -Walloc-zero -Wduplicated-branches -Wformat-overflow=2 -Wformat-truncation=1 -Wrestrict -Wdouble-promotion -Wunused-const-variable -DCMAKE_HAVE_LIBC_PTHREAD -fPIE   -o CMakeFiles/cmTC_62afa.dir/src.c.o   -c /tmp/curl/build/CMakeFiles/CMakeTmp/src.c
/tmp/curl/build/CMakeFiles/CMakeTmp/src.c:3:7: warning: no previous prototype for ‘test_func’ [-Wmissing-prototypes]
    3 | void* test_func(void* data)
      |       ^~~~~~~~~
Linking C executable cmTC_62afa
/usr/bin/cmake -E cmake_link_script CMakeFiles/cmTC_62afa.dir/link.txt --verbose=1
/usr/bin/cc   -W -Wall -pedantic -Wbad-function-cast -Wconversion -Winline -Wmissing-declarations -Wmissing-prototypes -Wnested-externs -Wno-long-long -Wno-multichar -Wpointer-arith -Wshadow -Wsign-compare -Wundef -Wunused -Wwrite-strings -Wcast-align -Wdeclaration-after-statement -Wempty-body -Wendif-labels -Wfloat-equal -Wignored-qualifiers -Wno-format-nonliteral -Wno-sign-conversion -Wno-system-headers -Wstrict-prototypes -Wtype-limits -Wvla -Wmissing-parameter-type -Wold-style-declaration -Wstrict-aliasing=3 -Wformat=2 -Warray-bounds=2 -ftree-vrp -Wduplicated-cond -Wnull-dereference -fdelete-null-pointer-checks -Wshift-negative-value -Wshift-overflow=2 -Walloc-zero -Wduplicated-branches -Wformat-overflow=2 -Wformat-truncation=1 -Wrestrict -Wdouble-promotion -Wunused-const-variable -DCMAKE_HAVE_LIBC_PTHREAD    CMakeFiles/cmTC_62afa.dir/src.c.o  -o cmTC_62afa 
/usr/bin/ld: CMakeFiles/cmTC_62afa.dir/src.c.o: in function `main':
src.c:(.text+0x46): undefined reference to `pthread_create'
/usr/bin/ld: src.c:(.text+0x52): undefined reference to `pthread_detach'
/usr/bin/ld: src.c:(.text+0x63): undefined reference to `pthread_join'
collect2: error: ld returned 1 exit status
make[1]: *** [CMakeFiles/cmTC_62afa.dir/build.make:87: cmTC_62afa] Error 1
make[1]: Leaving directory '/tmp/curl/build/CMakeFiles/CMakeTmp'
make: *** [Makefile:121: cmTC_62afa/fast] Error 2


Source file was:
#include <pthread.h>

void* test_func(void* data)
{
  return data;
}

int main(void)
{
  pthread_t thread;
  pthread_create(&thread, NULL, test_func, NULL);
  pthread_detach(thread);
  pthread_join(thread, NULL);
  pthread_atfork(NULL, NULL, NULL);
  pthread_exit(NULL);

  return 0;
}

Determining if the function pthread_create exists in the pthreads failed with the following output:
Change Dir: /tmp/curl/build/CMakeFiles/CMakeTmp

Run Build Command(s):/usr/bin/make cmTC_a8b5c/fast && /usr/bin/make -f CMakeFiles/cmTC_a8b5c.dir/build.make CMakeFiles/cmTC_a8b5c.dir/build
make[1]: Entering directory '/tmp/curl/build/CMakeFiles/CMakeTmp'
Building C object CMakeFiles/cmTC_a8b5c.dir/CheckFunctionExists.c.o
/usr/bin/cc   -W -Wall -pedantic -Wbad-function-cast -Wconversion -Winline -Wmissing-declarations -Wmissing-prototypes -Wnested-externs -Wno-long-long -Wno-multichar -Wpointer-arith -Wshadow -Wsign-compare -Wundef -Wunused -Wwrite-strings -Wcast-align -Wdeclaration-after-statement -Wempty-body -Wendif-labels -Wfloat-equal -Wignored-qualifiers -Wno-format-nonliteral -Wno-sign-conversion -Wno-system-headers -Wstrict-prototypes -Wtype-limits -Wvla -Wmissing-parameter-type -Wold-style-declaration -Wstrict-aliasing=3 -Wformat=2 -Warray-bounds=2 -ftree-vrp -Wduplicated-cond -Wnull-dereference -fdelete-null-pointer-checks -Wshift-negative-value -Wshift-overflow=2 -Walloc-zero -Wduplicated-branches -Wformat-overflow=2 -Wformat-truncation=1 -Wrestrict -Wdouble-promotion -Wunused-const-variable -DCHECK_FUNCTION_EXISTS=pthread_create -fPIE   -o CMakeFiles/cmTC_a8b5c.dir/CheckFunctionExists.c.o   -c /usr/share/cmake-3.16/Modules/CheckFunctionExists.c
Linking C executable cmTC_a8b5c
/usr/bin/cmake -E cmake_link_script CMakeFiles/cmTC_a8b5c.dir/link.txt --verbose=1
/usr/bin/cc   -W -Wall -pedantic -Wbad-function-cast -Wconversion -Winline -Wmissing-declarations -Wmissing-prototypes -Wnested-externs -Wno-long-long -Wno-multichar -Wpointer-arith -Wshadow -Wsign-compare -Wundef -Wunused -Wwrite-strings -Wcast-align -Wdeclaration-after-statement -Wempty-body -Wendif-labels -Wfloat-equal -Wignored-qualifiers -Wno-format-nonliteral -Wno-sign-conversion -Wno-system-headers -Wstrict-prototypes -Wtype-limits -Wvla -Wmissing-parameter-type -Wold-style-declaration -Wstrict-aliasing=3 -Wformat=2 -Warray-bounds=2 -ftree-vrp -Wduplicated-cond -Wnull-dereference -fdelete-null-pointer-checks -Wshift-negative-value -Wshift-overflow=2 -Walloc-zero -Wduplicated-branches -Wformat-overflow=2 -Wformat-truncation=1 -Wrestrict -Wdouble-promotion -Wunused-const-variable -DCHECK_FUNCTION_EXISTS=pthread_create    CMakeFiles/cmTC_a8b5c.dir/CheckFunctionExists.c.o  -o cmTC_a8b5c  -lpthreads 
/usr/bin/ld: cannot find -lpthreads
collect2: error: ld returned 1 exit status
make[1]: *** [CMakeFiles/cmTC_a8b5c.dir/build.make:87: cmTC_a8b5c] Error 1
make[1]: Leaving directory '/tmp/curl/build/CMakeFiles/CMakeTmp'
make: *** [Makefile:121: cmTC_a8b5c/fast] Error 2



Determining if the function connect exists in the socket;-lpthread failed with the following output:
Change Dir: /tmp/curl/build/CMakeFiles/CMakeTmp

Run Build Command(s):/usr/bin/make cmTC_62f61/fast && /usr/bin/make -f CMakeFiles/cmTC_62f61.dir/build.make CMakeFiles/cmTC_62f61.dir/build
make[1]: Entering directory '/tmp/curl/build/CMakeFiles/CMakeTmp'
Building C object CMakeFiles/cmTC_62f61.dir/CheckFunctionExists.c.o
/usr/bin/cc   -W -Wall -pedantic -Wbad-function-cast -Wconversion -Winline -Wmissing-declarations -Wmissing-prototypes -Wnested-externs -Wno-long-long -Wno-multichar -Wpointer-arith -Wshadow -Wsign-compare -Wundef -Wunused -Wwrite-strings -Wcast-align -Wdeclaration-after-statement -Wempty-body -Wendif-labels -Wfloat-equal -Wignored-qualifiers -Wno-format-nonliteral -Wno-sign-conversion -Wno-system-headers -Wstrict-prototypes -Wtype-limits -Wvla -Wmissing-parameter-type -Wold-style-declaration -Wstrict-aliasing=3 -Wformat=2 -Warray-bounds=2 -ftree-vrp -Wduplicated-cond -Wnull-dereference -fdelete-null-pointer-checks -Wshift-negative-value -Wshift-overflow=2 -Walloc-zero -Wduplicated-branches -Wformat-overflow=2 -Wformat-truncation=1 -Wrestrict -Wdouble-promotion -Wunused-const-variable -DCHECK_FUNCTION_EXISTS=connect -fPIE   -o CMakeFiles/cmTC_62f61.dir/CheckFunctionExists.c.o   -c /usr/share/cmake-3.16/Modules/CheckFunctionExists.c
Linking C executable cmTC_62f61
/usr/bin/cmake -E cmake_link_script CMakeFiles/cmTC_62f61.dir/link.txt --verbose=1
/usr/bin/cc   -W -Wall -pedantic -Wbad-function-cast -Wconversion -Winline -Wmissing-declarations -Wmissing-prototypes -Wnested-externs -Wno-long-long -Wno-multichar -Wpointer-arith -Wshadow -Wsign-compare -Wundef -Wunused -Wwrite-strings -Wcast-align -Wdeclaration-after-statement -Wempty-body -Wendif-labels -Wfloat-equal -Wignored-qualifiers -Wno-format-nonliteral -Wno-sign-conversion -Wno-system-headers -Wstrict-prototypes -Wtype-limits -Wvla -Wmissing-parameter-type -Wold-style-declaration -Wstrict-aliasing=3 -Wformat=2 -Warray-bounds=2 -ftree-vrp -Wduplicated-cond -Wnull-dereference -fdelete-null-pointer-checks -Wshift-negative-value -Wshift-overflow=2 -Walloc-zero -Wduplicated-branches -Wformat-overflow=2 -Wformat-truncation=1 -Wrestrict -Wdouble-promotion -Wunused-const-variable -DCHECK_FUNCTION_EXISTS=connect    CMakeFiles/cmTC_62f61.dir/CheckFunctionExists.c.o  -o cmTC_62f61  -lsocket -lpthread 
/usr/bin/ld: cannot find -lsocket
collect2: error: ld returned 1 exit status
make[1]: *** [CMakeFiles/cmTC_62f61.dir/build.make:87: cmTC_62f61] Error 1
make[1]: Leaving directory '/tmp/curl/build/CMakeFiles/CMakeTmp'
make: *** [Makefile:121: cmTC_62f61/fast] Error 2



Determining if the OPENSSL_IS_BORINGSSL exist failed with the following output:
Change Dir: /tmp/curl/build/CMakeFiles/CMakeTmp

Run Build Command(s):/usr/bin/make cmTC_5cc29/fast && /usr/bin/make -f CMakeFiles/cmTC_5cc29.dir/build.make CMakeFiles/cmTC_5cc29.dir/build
make[1]: Entering directory '/tmp/curl/build/CMakeFiles/CMakeTmp'
Building C object CMakeFiles/cmTC_5cc29.dir/CheckSymbolExists.c.o
/usr/bin/cc   -W -Wall -pedantic -Wbad-function-cast -Wconversion -Winline -Wmissing-declarations -Wmissing-prototypes -Wnested-externs -Wno-long-long -Wno-multichar -Wpointer-arith -Wshadow -Wsign-compare -Wundef -Wunused -Wwrite-strings -Wcast-align -Wdeclaration-after-statement -Wempty-body -Wendif-labels -Wfloat-equal -Wignored-qualifiers -Wno-format-nonliteral -Wno-sign-conversion -Wno-system-headers -Wstrict-prototypes -Wtype-limits -Wvla -Wmissing-parameter-type -Wold-style-declaration -Wstrict-aliasing=3 -Wformat=2 -Warray-bounds=2 -ftree-vrp -Wduplicated-cond -Wnull-dereference -fdelete-null-pointer-checks -Wshift-negative-value -Wshift-overflow=2 -Walloc-zero -Wduplicated-branches -Wformat-overflow=2 -Wformat-truncation=1 -Wrestrict -Wdouble-promotion -Wunused-const-variable  -fPIE   -o CMakeFiles/cmTC_5cc29.dir/CheckSymbolExists.c.o   -c /tmp/curl/build/CMakeFiles/CMakeTmp/CheckSymbolExists.c
/tmp/curl/build/CMakeFiles/CMakeTmp/CheckSymbolExists.c:2:10: fatal error: openssl/base.h: No such file or directory
    2 | #include <openssl/base.h>
      |          ^~~~~~~~~~~~~~~~
compilation terminated.
make[1]: *** [CMakeFiles/cmTC_5cc29.dir/build.make:66: CMakeFiles/cmTC_5cc29.dir/CheckSymbolExists.c.o] Error 1
make[1]: Leaving directory '/tmp/curl/build/CMakeFiles/CMakeTmp'
make: *** [Makefile:121: cmTC_5cc29/fast] Error 2


File /tmp/curl/build/CMakeFiles/CMakeTmp/CheckSymbolExists.c:
/* */
#include <openssl/base.h>

int main(int argc, char** argv)
{
  (void)argv;
#ifndef OPENSSL_IS_BORINGSSL
  return ((int*)(&OPENSSL_IS_BORINGSSL))[argc];
#else
  (void)argc;
  return 0;
#endif
}
Determining if the OPENSSL_IS_AWSLC exist failed with the following output:
Change Dir: /tmp/curl/build/CMakeFiles/CMakeTmp

Run Build Command(s):/usr/bin/make cmTC_3e530/fast && /usr/bin/make -f CMakeFiles/cmTC_3e530.dir/build.make CMakeFiles/cmTC_3e530.dir/build
make[1]: Entering directory '/tmp/curl/build/CMakeFiles/CMakeTmp'
Building C object CMakeFiles/cmTC_3e530.dir/CheckSymbolExists.c.o
/usr/bin/cc   -W -Wall -pedantic -Wbad-function-cast -Wconversion -Winline -Wmissing-declarations -Wmissing-prototypes -Wnested-externs -Wno-long-long -Wno-multichar -Wpointer-arith -Wshadow -Wsign-compare -Wundef -Wunused -Wwrite-strings -Wcast-align -Wdeclaration-after-statement -Wempty-body -Wendif-labels -Wfloat-equal -Wignored-qualifiers -Wno-format-nonliteral -Wno-sign-conversion -Wno-system-headers -Wstrict-prototypes -Wtype-limits -Wvla -Wmissing-parameter-type -Wold-style-declaration -Wstrict-aliasing=3 -Wformat=2 -Warray-bounds=2 -ftree-vrp -Wduplicated-cond -Wnull-dereference -fdelete-null-pointer-checks -Wshift-negative-value -Wshift-overflow=2 -Walloc-zero -Wduplicated-branches -Wformat-overflow=2 -Wformat-truncation=1 -Wrestrict -Wdouble-promotion -Wunused-const-variable  -fPIE   -o CMakeFiles/cmTC_3e530.dir/CheckSymbolExists.c.o   -c /tmp/curl/build/CMakeFiles/CMakeTmp/CheckSymbolExists.c
/tmp/curl/build/CMakeFiles/CMakeTmp/CheckSymbolExists.c:2:10: fatal error: openssl/base.h: No such file or directory
    2 | #include <openssl/base.h>
      |          ^~~~~~~~~~~~~~~~
compilation terminated.
make[1]: *** [CMakeFiles/cmTC_3e530.dir/build.make:66: CMakeFiles/cmTC_3e530.dir/CheckSymbolExists.c.o] Error 1
make[1]: Leaving directory '/tmp/curl/build/CMakeFiles/CMakeTmp'
make: *** [Makefile:121: cmTC_3e530/fast] Error 2


File /tmp/curl/build/CMakeFiles/CMakeTmp/CheckSymbolExists.c:
/* */
#include <openssl/base.h>

int main(int argc, char** argv)
{
  (void)argv;
#ifndef OPENSSL_IS_AWSLC
  return ((int*)(&OPENSSL_IS_AWSLC))[argc];
#else
  (void)argc;
  return 0;
#endif
}
Determining if the function ldap_init exists in the ldap;-lpthread;OpenSSL::SSL;OpenSSL::Crypto failed with the following output:
Change Dir: /tmp/curl/build/CMakeFiles/CMakeTmp

Run Build Command(s):/usr/bin/make cmTC_110ed/fast && /usr/bin/make -f CMakeFiles/cmTC_110ed.dir/build.make CMakeFiles/cmTC_110ed.dir/build
make[1]: Entering directory '/tmp/curl/build/CMakeFiles/CMakeTmp'
Building C object CMakeFiles/cmTC_110ed.dir/CheckFunctionExists.c.o
/usr/bin/cc   -W -Wall -pedantic -Wbad-function-cast -Wconversion -Winline -Wmissing-declarations -Wmissing-prototypes -Wnested-externs -Wno-long-long -Wno-multichar -Wpointer-arith -Wshadow -Wsign-compare -Wundef -Wunused -Wwrite-strings -Wcast-align -Wdeclaration-after-statement -Wempty-body -Wendif-labels -Wfloat-equal -Wignored-qualifiers -Wno-format-nonliteral -Wno-sign-conversion -Wno-system-headers -Wstrict-prototypes -Wtype-limits -Wvla -Wmissing-parameter-type -Wold-style-declaration -Wstrict-aliasing=3 -Wformat=2 -Warray-bounds=2 -ftree-vrp -Wduplicated-cond -Wnull-dereference -fdelete-null-pointer-checks -Wshift-negative-value -Wshift-overflow=2 -Walloc-zero -Wduplicated-branches -Wformat-overflow=2 -Wformat-truncation=1 -Wrestrict -Wdouble-promotion -Wunused-const-variable -DCHECK_FUNCTION_EXISTS=ldap_init -fPIE   -o CMakeFiles/cmTC_110ed.dir/CheckFunctionExists.c.o   -c /usr/share/cmake-3.16/Modules/CheckFunctionExists.c
Linking C executable cmTC_110ed
/usr/bin/cmake -E cmake_link_script CMakeFiles/cmTC_110ed.dir/link.txt --verbose=1
/usr/bin/cc   -W -Wall -pedantic -Wbad-function-cast -Wconversion -Winline -Wmissing-declarations -Wmissing-prototypes -Wnested-externs -Wno-long-long -Wno-multichar -Wpointer-arith -Wshadow -Wsign-compare -Wundef -Wunused -Wwrite-strings -Wcast-align -Wdeclaration-after-statement -Wempty-body -Wendif-labels -Wfloat-equal -Wignored-qualifiers -Wno-format-nonliteral -Wno-sign-conversion -Wno-system-headers -Wstrict-prototypes -Wtype-limits -Wvla -Wmissing-parameter-type -Wold-style-declaration -Wstrict-aliasing=3 -Wformat=2 -Warray-bounds=2 -ftree-vrp -Wduplicated-cond -Wnull-dereference -fdelete-null-pointer-checks -Wshift-negative-value -Wshift-overflow=2 -Walloc-zero -Wduplicated-branches -Wformat-overflow=2 -Wformat-truncation=1 -Wrestrict -Wdouble-promotion -Wunused-const-variable -DCHECK_FUNCTION_EXISTS=ldap_init    CMakeFiles/cmTC_110ed.dir/CheckFunctionExists.c.o  -o cmTC_110ed  -lldap -lpthread /usr/lib/x86_64-linux-gnu/libssl.so /usr/lib/x86_64-linux-gnu/libcrypto.so /usr/lib/x86_64-linux-gnu/libssl.so /usr/lib/x86_64-linux-gnu/libcrypto.so 
/usr/bin/ld: cannot find -lldap
collect2: error: ld returned 1 exit status
make[1]: *** [CMakeFiles/cmTC_110ed.dir/build.make:91: cmTC_110ed] Error 1
make[1]: Leaving directory '/tmp/curl/build/CMakeFiles/CMakeTmp'
make: *** [Makefile:121: cmTC_110ed/fast] Error 2



Determining if the function ber_init exists in the lber;-lpthread;OpenSSL::SSL;OpenSSL::Crypto failed with the following output:
Change Dir: /tmp/curl/build/CMakeFiles/CMakeTmp

Run Build Command(s):/usr/bin/make cmTC_753c3/fast && /usr/bin/make -f CMakeFiles/cmTC_753c3.dir/build.make CMakeFiles/cmTC_753c3.dir/build
make[1]: Entering directory '/tmp/curl/build/CMakeFiles/CMakeTmp'
Building C object CMakeFiles/cmTC_753c3.dir/CheckFunctionExists.c.o
/usr/bin/cc   -W -Wall -pedantic -Wbad-function-cast -Wconversion -Winline -Wmissing-declarations -Wmissing-prototypes -Wnested-externs -Wno-long-long -Wno-multichar -Wpointer-arith -Wshadow -Wsign-compare -Wundef -Wunused -Wwrite-strings -Wcast-align -Wdeclaration-after-statement -Wempty-body -Wendif-labels -Wfloat-equal -Wignored-qualifiers -Wno-format-nonliteral -Wno-sign-conversion -Wno-system-headers -Wstrict-prototypes -Wtype-limits -Wvla -Wmissing-parameter-type -Wold-style-declaration -Wstrict-aliasing=3 -Wformat=2 -Warray-bounds=2 -ftree-vrp -Wduplicated-cond -Wnull-dereference -fdelete-null-pointer-checks -Wshift-negative-value -Wshift-overflow=2 -Walloc-zero -Wduplicated-branches -Wformat-overflow=2 -Wformat-truncation=1 -Wrestrict -Wdouble-promotion -Wunused-const-variable -DCHECK_FUNCTION_EXISTS=ber_init -fPIE   -o CMakeFiles/cmTC_753c3.dir/CheckFunctionExists.c.o   -c /usr/share/cmake-3.16/Modules/CheckFunctionExists.c
Linking C executable cmTC_753c3
/usr/bin/cmake -E cmake_link_script CMakeFiles/cmTC_753c3.dir/link.txt --verbose=1
/usr/bin/cc   -W -Wall -pedantic -Wbad-function-cast -Wconversion -Winline -Wmissing-declarations -Wmissing-prototypes -Wnested-externs -Wno-long-long -Wno-multichar -Wpointer-arith -Wshadow -Wsign-compare -Wundef -Wunused -Wwrite-strings -Wcast-align -Wdeclaration-after-statement -Wempty-body -Wendif-labels -Wfloat-equal -Wignored-qualifiers -Wno-format-nonliteral -Wno-sign-conversion -Wno-system-headers -Wstrict-prototypes -Wtype-limits -Wvla -Wmissing-parameter-type -Wold-style-declaration -Wstrict-aliasing=3 -Wformat=2 -Warray-bounds=2 -ftree-vrp -Wduplicated-cond -Wnull-dereference -fdelete-null-pointer-checks -Wshift-negative-value -Wshift-overflow=2 -Walloc-zero -Wduplicated-branches -Wformat-overflow=2 -Wformat-truncation=1 -Wrestrict -Wdouble-promotion -Wunused-const-variable -DCHECK_FUNCTION_EXISTS=ber_init    CMakeFiles/cmTC_753c3.dir/CheckFunctionExists.c.o  -o cmTC_753c3  -llber -lpthread /usr/lib/x86_64-linux-gnu/libssl.so /usr/lib/x86_64-linux-gnu/libcrypto.so /usr/lib/x86_64-linux-gnu/libssl.so /usr/lib/x86_64-linux-gnu/libcrypto.so 
/usr/bin/ld: cannot find -llber
collect2: error: ld returned 1 exit status
make[1]: *** [CMakeFiles/cmTC_753c3.dir/build.make:91: cmTC_753c3] Error 1
make[1]: Leaving directory '/tmp/curl/build/CMakeFiles/CMakeTmp'
make: *** [Makefile:121: cmTC_753c3/fast] Error 2



Determining if files ;ldap.h exist failed with the following output:
Change Dir: /tmp/curl/build/CMakeFiles/CMakeTmp

Run Build Command(s):/usr/bin/make cmTC_e7313/fast && /usr/bin/make -f CMakeFiles/cmTC_e7313.dir/build.make CMakeFiles/cmTC_e7313.dir/build
make[1]: Entering directory '/tmp/curl/build/CMakeFiles/CMakeTmp'
Building C object CMakeFiles/cmTC_e7313.dir/HAVE_LDAP_H.c.o
/usr/bin/cc   -W -Wall -pedantic -Wbad-function-cast -Wconversion -Winline -Wmissing-declarations -Wmissing-prototypes -Wnested-externs -Wno-long-long -Wno-multichar -Wpointer-arith -Wshadow -Wsign-compare -Wundef -Wunused -Wwrite-strings -Wcast-align -Wdeclaration-after-statement -Wempty-body -Wendif-labels -Wfloat-equal -Wignored-qualifiers -Wno-format-nonliteral -Wno-sign-conversion -Wno-system-headers -Wstrict-prototypes -Wtype-limits -Wvla -Wmissing-parameter-type -Wold-style-declaration -Wstrict-aliasing=3 -Wformat=2 -Warray-bounds=2 -ftree-vrp -Wduplicated-cond -Wnull-dereference -fdelete-null-pointer-checks -Wshift-negative-value -Wshift-overflow=2 -Walloc-zero -Wduplicated-branches -Wformat-overflow=2 -Wformat-truncation=1 -Wrestrict -Wdouble-promotion -Wunused-const-variable  -fPIE   -o CMakeFiles/cmTC_e7313.dir/HAVE_LDAP_H.c.o   -c /tmp/curl/build/CMakeFiles/CheckIncludeFiles/HAVE_LDAP_H.c
/tmp/curl/build/CMakeFiles/CheckIncludeFiles/HAVE_LDAP_H.c:2:10: fatal error: ldap.h: No such file or directory
    2 | #include <ldap.h>
      |          ^~~~~~~~
compilation terminated.
make[1]: *** [CMakeFiles/cmTC_e7313.dir/build.make:66: CMakeFiles/cmTC_e7313.dir/HAVE_LDAP_H.c.o] Error 1
make[1]: Leaving directory '/tmp/curl/build/CMakeFiles/CMakeTmp'
make: *** [Makefile:121: cmTC_e7313/fast] Error 2


Source:
/* */
#include <ldap.h>


int main(void){return 0;}

Determining if files ;lber.h exist failed with the following output:
Change Dir: /tmp/curl/build/CMakeFiles/CMakeTmp

Run Build Command(s):/usr/bin/make cmTC_96991/fast && /usr/bin/make -f CMakeFiles/cmTC_96991.dir/build.make CMakeFiles/cmTC_96991.dir/build
make[1]: Entering directory '/tmp/curl/build/CMakeFiles/CMakeTmp'
Building C object CMakeFiles/cmTC_96991.dir/HAVE_LBER_H.c.o
/usr/bin/cc   -W -Wall -pedantic -Wbad-function-cast -Wconversion -Winline -Wmissing-declarations -Wmissing-prototypes -Wnested-externs -Wno-long-long -Wno-multichar -Wpointer-arith -Wshadow -Wsign-compare -Wundef -Wunused -Wwrite-strings -Wcast-align -Wdeclaration-after-statement -Wempty-body -Wendif-labels -Wfloat-equal -Wignored-qualifiers -Wno-format-nonliteral -Wno-sign-conversion -Wno-system-headers -Wstrict-prototypes -Wtype-limits -Wvla -Wmissing-parameter-type -Wold-style-declaration -Wstrict-aliasing=3 -Wformat=2 -Warray-bounds=2 -ftree-vrp -Wduplicated-cond -Wnull-dereference -fdelete-null-pointer-checks -Wshift-negative-value -Wshift-overflow=2 -Walloc-zero -Wduplicated-branches -Wformat-overflow=2 -Wformat-truncation=1 -Wrestrict -Wdouble-promotion -Wunused-const-variable  -fPIE   -o CMakeFiles/cmTC_96991.dir/HAVE_LBER_H.c.o   -c /tmp/curl/build/CMakeFiles/CheckIncludeFiles/HAVE_LBER_H.c
/tmp/curl/build/CMakeFiles/CheckIncludeFiles/HAVE_LBER_H.c:2:10: fatal error: lber.h: No such file or directory
    2 | #include <lber.h>
      |          ^~~~~~~~
compilation terminated.
make[1]: *** [CMakeFiles/cmTC_96991.dir/build.make:66: CMakeFiles/cmTC_96991.dir/HAVE_LBER_H.c.o] Error 1
make[1]: Leaving directory '/tmp/curl/build/CMakeFiles/CMakeTmp'
make: *** [Makefile:121: cmTC_96991/fast] Error 2


Source:
/* */
#include <lber.h>


int main(void){return 0;}

Determining if the function idn2_lookup_ul exists in the idn2;-lpthread;OpenSSL::SSL;OpenSSL::Crypto failed with the following output:
Change Dir: /tmp/curl/build/CMakeFiles/CMakeTmp

Run Build Command(s):/usr/bin/make cmTC_75708/fast && /usr/bin/make -f CMakeFiles/cmTC_75708.dir/build.make CMakeFiles/cmTC_75708.dir/build
make[1]: Entering directory '/tmp/curl/build/CMakeFiles/CMakeTmp'
Building C object CMakeFiles/cmTC_75708.dir/CheckFunctionExists.c.o
/usr/bin/cc   -W -Wall -pedantic -Wbad-function-cast -Wconversion -Winline -Wmissing-declarations -Wmissing-prototypes -Wnested-externs -Wno-long-long -Wno-multichar -Wpointer-arith -Wshadow -Wsign-compare -Wundef -Wunused -Wwrite-strings -Wcast-align -Wdeclaration-after-statement -Wempty-body -Wendif-labels -Wfloat-equal -Wignored-qualifiers -Wno-format-nonliteral -Wno-sign-conversion -Wno-system-headers -Wstrict-prototypes -Wtype-limits -Wvla -Wmissing-parameter-type -Wold-style-declaration -Wstrict-aliasing=3 -Wformat=2 -Warray-bounds=2 -ftree-vrp -Wduplicated-cond -Wnull-dereference -fdelete-null-pointer-checks -Wshift-negative-value -Wshift-overflow=2 -Walloc-zero -Wduplicated-branches -Wformat-overflow=2 -Wformat-truncation=1 -Wrestrict -Wdouble-promotion -Wunused-const-variable -DCHECK_FUNCTION_EXISTS=idn2_lookup_ul -fPIE   -o CMakeFiles/cmTC_75708.dir/CheckFunctionExists.c.o   -c /usr/share/cmake-3.16/Modules/CheckFunctionExists.c
Linking C executable cmTC_75708
/usr/bin/cmake -E cmake_link_script CMakeFiles/cmTC_75708.dir/link.txt --verbose=1
/usr/bin/cc   -W -Wall -pedantic -Wbad-function-cast -Wconversion -Winline -Wmissing-declarations -Wmissing-prototypes -Wnested-externs -Wno-long-long -Wno-multichar -Wpointer-arith -Wshadow -Wsign-compare -Wundef -Wunused -Wwrite-strings -Wcast-align -Wdeclaration-after-statement -Wempty-body -Wendif-labels -Wfloat-equal -Wignored-qualifiers -Wno-format-nonliteral -Wno-sign-conversion -Wno-system-headers -Wstrict-prototypes -Wtype-limits -Wvla -Wmissing-parameter-type -Wold-style-declaration -Wstrict-aliasing=3 -Wformat=2 -Warray-bounds=2 -ftree-vrp -Wduplicated-cond -Wnull-dereference -fdelete-null-pointer-checks -Wshift-negative-value -Wshift-overflow=2 -Walloc-zero -Wduplicated-branches -Wformat-overflow=2 -Wformat-truncation=1 -Wrestrict -Wdouble-promotion -Wunused-const-variable -DCHECK_FUNCTION_EXISTS=idn2_lookup_ul    CMakeFiles/cmTC_75708.dir/CheckFunctionExists.c.o  -o cmTC_75708  -lidn2 -lpthread /usr/lib/x86_64-linux-gnu/libssl.so /usr/lib/x86_64-linux-gnu/libcrypto.so /usr/lib/x86_64-linux-gnu/libssl.so /usr/lib/x86_64-linux-gnu/libcrypto.so 
/usr/bin/ld: cannot find -lidn2
collect2: error: ld returned 1 exit status
make[1]: *** [CMakeFiles/cmTC_75708.dir/build.make:91: cmTC_75708] Error 1
make[1]: Leaving directory '/tmp/curl/build/CMakeFiles/CMakeTmp'
make: *** [Makefile:121: cmTC_75708/fast] Error 2



Determining if files inttypes.h;sys/filio.h exist failed with the following output:
Change Dir: /tmp/curl/build/CMakeFiles/CMakeTmp

Run Build Command(s):/usr/bin/make cmTC_e28c4/fast && /usr/bin/make -f CMakeFiles/cmTC_e28c4.dir/build.make CMakeFiles/cmTC_e28c4.dir/build
make[1]: Entering directory '/tmp/curl/build/CMakeFiles/CMakeTmp'
Building C object CMakeFiles/cmTC_e28c4.dir/HAVE_SYS_FILIO_H.c.o
/usr/bin/cc   -W -Wall -pedantic -Wbad-function-cast -Wconversion -Winline -Wmissing-declarations -Wmissing-prototypes -Wnested-externs -Wno-long-long -Wno-multichar -Wpointer-arith -Wshadow -Wsign-compare -Wundef -Wunused -Wwrite-strings -Wcast-align -Wdeclaration-after-statement -Wempty-body -Wendif-labels -Wfloat-equal -Wignored-qualifiers -Wno-format-nonliteral -Wno-sign-conversion -Wno-system-headers -Wstrict-prototypes -Wtype-limits -Wvla -Wmissing-parameter-type -Wold-style-declaration -Wstrict-aliasing=3 -Wformat=2 -Warray-bounds=2 -ftree-vrp -Wduplicated-cond -Wnull-dereference -fdelete-null-pointer-checks -Wshift-negative-value -Wshift-overflow=2 -Walloc-zero -Wduplicated-branches -Wformat-overflow=2 -Wformat-truncation=1 -Wrestrict -Wdouble-promotion -Wunused-const-variable  -fPIE   -o CMakeFiles/cmTC_e28c4.dir/HAVE_SYS_FILIO_H.c.o   -c /tmp/curl/build/CMakeFiles/CheckIncludeFiles/HAVE_SYS_FILIO_H.c
/tmp/curl/build/CMakeFiles/CheckIncludeFiles/HAVE_SYS_FILIO_H.c:3:10: fatal error: sys/filio.h: No such file or directory
    3 | #include <sys/filio.h>
      |          ^~~~~~~~~~~~~
compilation terminated.
make[1]: *** [CMakeFiles/cmTC_e28c4.dir/build.make:66: CMakeFiles/cmTC_e28c4.dir/HAVE_SYS_FILIO_H.c.o] Error 1
make[1]: Leaving directory '/tmp/curl/build/CMakeFiles/CMakeTmp'
make: *** [Makefile:121: cmTC_e28c4/fast] Error 2


Source:
/* */
#include <inttypes.h>
#include <sys/filio.h>


int main(void){return 0;}

Determining if files inttypes.h;sys/wait.h;sys/ioctl.h;sys/param.h;sys/poll.h;sys/resource.h;sys/select.h;sys/socket.h;sys/sockio.h exist failed with the following output:
Change Dir: /tmp/curl/build/CMakeFiles/CMakeTmp

Run Build Command(s):/usr/bin/make cmTC_f1858/fast && /usr/bin/make -f CMakeFiles/cmTC_f1858.dir/build.make CMakeFiles/cmTC_f1858.dir/build
make[1]: Entering directory '/tmp/curl/build/CMakeFiles/CMakeTmp'
Building C object CMakeFiles/cmTC_f1858.dir/HAVE_SYS_SOCKIO_H.c.o
/usr/bin/cc   -W -Wall -pedantic -Wbad-function-cast -Wconversion -Winline -Wmissing-declarations -Wmissing-prototypes -Wnested-externs -Wno-long-long -Wno-multichar -Wpointer-arith -Wshadow -Wsign-compare -Wundef -Wunused -Wwrite-strings -Wcast-align -Wdeclaration-after-statement -Wempty-body -Wendif-labels -Wfloat-equal -Wignored-qualifiers -Wno-format-nonliteral -Wno-sign-conversion -Wno-system-headers -Wstrict-prototypes -Wtype-limits -Wvla -Wmissing-parameter-type -Wold-style-declaration -Wstrict-aliasing=3 -Wformat=2 -Warray-bounds=2 -ftree-vrp -Wduplicated-cond -Wnull-dereference -fdelete-null-pointer-checks -Wshift-negative-value -Wshift-overflow=2 -Walloc-zero -Wduplicated-branches -Wformat-overflow=2 -Wformat-truncation=1 -Wrestrict -Wdouble-promotion -Wunused-const-variable  -fPIE   -o CMakeFiles/cmTC_f1858.dir/HAVE_SYS_SOCKIO_H.c.o   -c /tmp/curl/build/CMakeFiles/CheckIncludeFiles/HAVE_SYS_SOCKIO_H.c
/tmp/curl/build/CMakeFiles/CheckIncludeFiles/HAVE_SYS_SOCKIO_H.c:10:10: fatal error: sys/sockio.h: No such file or directory
   10 | #include <sys/sockio.h>
      |          ^~~~~~~~~~~~~~
compilation terminated.
make[1]: *** [CMakeFiles/cmTC_f1858.dir/build.make:66: CMakeFiles/cmTC_f1858.dir/HAVE_SYS_SOCKIO_H.c.o] Error 1
make[1]: Leaving directory '/tmp/curl/build/CMakeFiles/CMakeTmp'
make: *** [Makefile:121: cmTC_f1858/fast] Error 2


Source:
/* */
#include <inttypes.h>
#include <sys/wait.h>
#include <sys/ioctl.h>
#include <sys/param.h>
#include <sys/poll.h>
#include <sys/resource.h>
#include <sys/select.h>
#include <sys/socket.h>
#include <sys/sockio.h>


int main(void){return 0;}

Determining if files inttypes.h;sys/wait.h;sys/ioctl.h;sys/param.h;sys/poll.h;sys/resource.h;sys/select.h;sys/socket.h;sys/stat.h;sys/time.h;sys/types.h;sys/un.h;sys/utime.h exist failed with the following output:
Change Dir: /tmp/curl/build/CMakeFiles/CMakeTmp

Run Build Command(s):/usr/bin/make cmTC_1c260/fast && /usr/bin/make -f CMakeFiles/cmTC_1c260.dir/build.make CMakeFiles/cmTC_1c260.dir/build
make[1]: Entering directory '/tmp/curl/build/CMakeFiles/CMakeTmp'
Building C object CMakeFiles/cmTC_1c260.dir/HAVE_SYS_UTIME_H.c.o
/usr/bin/cc   -W -Wall -pedantic -Wbad-function-cast -Wconversion -Winline -Wmissing-declarations -Wmissing-prototypes -Wnested-externs -Wno-long-long -Wno-multichar -Wpointer-arith -Wshadow -Wsign-compare -Wundef -Wunused -Wwrite-strings -Wcast-align -Wdeclaration-after-statement -Wempty-body -Wendif-labels -Wfloat-equal -Wignored-qualifiers -Wno-format-nonliteral -Wno-sign-conversion -Wno-system-headers -Wstrict-prototypes -Wtype-limits -Wvla -Wmissing-parameter-type -Wold-style-declaration -Wstrict-aliasing=3 -Wformat=2 -Warray-bounds=2 -ftree-vrp -Wduplicated-cond -Wnull-dereference -fdelete-null-pointer-checks -Wshift-negative-value -Wshift-overflow=2 -Walloc-zero -Wduplicated-branches -Wformat-overflow=2 -Wformat-truncation=1 -Wrestrict -Wdouble-promotion -Wunused-const-variable  -fPIE   -o CMakeFiles/cmTC_1c260.dir/HAVE_SYS_UTIME_H.c.o   -c /tmp/curl/build/CMakeFiles/CheckIncludeFiles/HAVE_SYS_UTIME_H.c
/tmp/curl/build/CMakeFiles/CheckIncludeFiles/HAVE_SYS_UTIME_H.c:14:10: fatal error: sys/utime.h: No such file or directory
   14 | #include <sys/utime.h>
      |          ^~~~~~~~~~~~~
compilation terminated.
make[1]: *** [CMakeFiles/cmTC_1c260.dir/build.make:66: CMakeFiles/cmTC_1c260.dir/HAVE_SYS_UTIME_H.c.o] Error 1
make[1]: Leaving directory '/tmp/curl/build/CMakeFiles/CMakeTmp'
make: *** [Makefile:121: cmTC_1c260/fast] Error 2


Source:
/* */
#include <inttypes.h>
#include <sys/wait.h>
#include <sys/ioctl.h>
#include <sys/param.h>
#include <sys/poll.h>
#include <sys/resource.h>
#include <sys/select.h>
#include <sys/socket.h>
#include <sys/stat.h>
#include <sys/time.h>
#include <sys/types.h>
#include <sys/un.h>
#include <sys/utime.h>


int main(void){return 0;}

Determining if files inttypes.h;sys/wait.h;sys/ioctl.h;sys/param.h;sys/poll.h;sys/resource.h;sys/select.h;sys/socket.h;sys/stat.h;sys/time.h;sys/types.h;sys/un.h;sys/xattr.h;arpa/inet.h;fcntl.h;idn2.h exist failed with the following output:
Change Dir: /tmp/curl/build/CMakeFiles/CMakeTmp

Run Build Command(s):/usr/bin/make cmTC_a21c6/fast && /usr/bin/make -f CMakeFiles/cmTC_a21c6.dir/build.make CMakeFiles/cmTC_a21c6.dir/build
make[1]: Entering directory '/tmp/curl/build/CMakeFiles/CMakeTmp'
Building C object CMakeFiles/cmTC_a21c6.dir/HAVE_IDN2_H.c.o
/usr/bin/cc   -W -Wall -pedantic -Wbad-function-cast -Wconversion -Winline -Wmissing-declarations -Wmissing-prototypes -Wnested-externs -Wno-long-long -Wno-multichar -Wpointer-arith -Wshadow -Wsign-compare -Wundef -Wunused -Wwrite-strings -Wcast-align -Wdeclaration-after-statement -Wempty-body -Wendif-labels -Wfloat-equal -Wignored-qualifiers -Wno-format-nonliteral -Wno-sign-conversion -Wno-system-headers -Wstrict-prototypes -Wtype-limits -Wvla -Wmissing-parameter-type -Wold-style-declaration -Wstrict-aliasing=3 -Wformat=2 -Warray-bounds=2 -ftree-vrp -Wduplicated-cond -Wnull-dereference -fdelete-null-pointer-checks -Wshift-negative-value -Wshift-overflow=2 -Walloc-zero -Wduplicated-branches -Wformat-overflow=2 -Wformat-truncation=1 -Wrestrict -Wdouble-promotion -Wunused-const-variable  -fPIE   -o CMakeFiles/cmTC_a21c6.dir/HAVE_IDN2_H.c.o   -c /tmp/curl/build/CMakeFiles/CheckIncludeFiles/HAVE_IDN2_H.c
/tmp/curl/build/CMakeFiles/CheckIncludeFiles/HAVE_IDN2_H.c:17:10: fatal error: idn2.h: No such file or directory
   17 | #include <idn2.h>
      |          ^~~~~~~~
compilation terminated.
make[1]: *** [CMakeFiles/cmTC_a21c6.dir/build.make:66: CMakeFiles/cmTC_a21c6.dir/HAVE_IDN2_H.c.o] Error 1
make[1]: Leaving directory '/tmp/curl/build/CMakeFiles/CMakeTmp'
make: *** [Makefile:121: cmTC_a21c6/fast] Error 2


Source:
/* */
#include <inttypes.h>
#include <sys/wait.h>
#include <sys/ioctl.h>
#include <sys/param.h>
#include <sys/poll.h>
#include <sys/resource.h>
#include <sys/select.h>
#include <sys/socket.h>
#include <sys/stat.h>
#include <sys/time.h>
#include <sys/types.h>
#include <sys/un.h>
#include <sys/xattr.h>
#include <arpa/inet.h>
#include <fcntl.h>
#include <idn2.h>


int main(void){return 0;}

Determining if files inttypes.h;sys/wait.h;sys/ioctl.h;sys/param.h;sys/poll.h;sys/resource.h;sys/select.h;sys/socket.h;sys/stat.h;sys/time.h;sys/types.h;sys/un.h;sys/xattr.h;arpa/inet.h;fcntl.h;ifaddrs.h;io.h exist failed with the following output:
Change Dir: /tmp/curl/build/CMakeFiles/CMakeTmp

Run Build Command(s):/usr/bin/make cmTC_e580b/fast && /usr/bin/make -f CMakeFiles/cmTC_e580b.dir/build.make CMakeFiles/cmTC_e580b.dir/build
make[1]: Entering directory '/tmp/curl/build/CMakeFiles/CMakeTmp'
Building C object CMakeFiles/cmTC_e580b.dir/HAVE_IO_H.c.o
/usr/bin/cc   -W -Wall -pedantic -Wbad-function-cast -Wconversion -Winline -Wmissing-declarations -Wmissing-prototypes -Wnested-externs -Wno-long-long -Wno-multichar -Wpointer-arith -Wshadow -Wsign-compare -Wundef -Wunused -Wwrite-strings -Wcast-align -Wdeclaration-after-statement -Wempty-body -Wendif-labels -Wfloat-equal -Wignored-qualifiers -Wno-format-nonliteral -Wno-sign-conversion -Wno-system-headers -Wstrict-prototypes -Wtype-limits -Wvla -Wmissing-parameter-type -Wold-style-declaration -Wstrict-aliasing=3 -Wformat=2 -Warray-bounds=2 -ftree-vrp -Wduplicated-cond -Wnull-dereference -fdelete-null-pointer-checks -Wshift-negative-value -Wshift-overflow=2 -Walloc-zero -Wduplicated-branches -Wformat-overflow=2 -Wformat-truncation=1 -Wrestrict -Wdouble-promotion -Wunused-const-variable  -fPIE   -o CMakeFiles/cmTC_e580b.dir/HAVE_IO_H.c.o   -c /tmp/curl/build/CMakeFiles/CheckIncludeFiles/HAVE_IO_H.c
/tmp/curl/build/CMakeFiles/CheckIncludeFiles/HAVE_IO_H.c:18:10: fatal error: io.h: No such file or directory
   18 | #include <io.h>
      |          ^~~~~~
compilation terminated.
make[1]: *** [CMakeFiles/cmTC_e580b.dir/build.make:66: CMakeFiles/cmTC_e580b.dir/HAVE_IO_H.c.o] Error 1
make[1]: Leaving directory '/tmp/curl/build/CMakeFiles/CMakeTmp'
make: *** [Makefile:121: cmTC_e580b/fast] Error 2


Source:
/* */
#include <inttypes.h>
#include <sys/wait.h>
#include <sys/ioctl.h>
#include <sys/param.h>
#include <sys/poll.h>
#include <sys/resource.h>
#include <sys/select.h>
#include <sys/socket.h>
#include <sys/stat.h>
#include <sys/time.h>
#include <sys/types.h>
#include <sys/un.h>
#include <sys/xattr.h>
#include <arpa/inet.h>
#include <fcntl.h>
#include <ifaddrs.h>
#include <io.h>


int main(void){return 0;}

Determining if files inttypes.h;sys/wait.h;sys/ioctl.h;sys/param.h;sys/poll.h;sys/resource.h;sys/select.h;sys/socket.h;sys/stat.h;sys/time.h;sys/types.h;sys/un.h;sys/xattr.h;arpa/inet.h;fcntl.h;ifaddrs.h;libgen.h;locale.h;net/if.h;netdb.h;netinet/in.h;netinet/tcp.h;netinet/udp.h;poll.h;pwd.h;stdatomic.h;stdbool.h;stdint.h;strings.h;stropts.h exist failed with the following output:
Change Dir: /tmp/curl/build/CMakeFiles/CMakeTmp

Run Build Command(s):/usr/bin/make cmTC_9277b/fast && /usr/bin/make -f CMakeFiles/cmTC_9277b.dir/build.make CMakeFiles/cmTC_9277b.dir/build
make[1]: Entering directory '/tmp/curl/build/CMakeFiles/CMakeTmp'
Building C object CMakeFiles/cmTC_9277b.dir/HAVE_STROPTS_H.c.o
/usr/bin/cc   -W -Wall -pedantic -Wbad-function-cast -Wconversion -Winline -Wmissing-declarations -Wmissing-prototypes -Wnested-externs -Wno-long-long -Wno-multichar -Wpointer-arith -Wshadow -Wsign-compare -Wundef -Wunused -Wwrite-strings -Wcast-align -Wdeclaration-after-statement -Wempty-body -Wendif-labels -Wfloat-equal -Wignored-qualifiers -Wno-format-nonliteral -Wno-sign-conversion -Wno-system-headers -Wstrict-prototypes -Wtype-limits -Wvla -Wmissing-parameter-type -Wold-style-declaration -Wstrict-aliasing=3 -Wformat=2 -Warray-bounds=2 -ftree-vrp -Wduplicated-cond -Wnull-dereference -fdelete-null-pointer-checks -Wshift-negative-value -Wshift-overflow=2 -Walloc-zero -Wduplicated-branches -Wformat-overflow=2 -Wformat-truncation=1 -Wrestrict -Wdouble-promotion -Wunused-const-variable  -fPIE   -o CMakeFiles/cmTC_9277b.dir/HAVE_STROPTS_H.c.o   -c /tmp/curl/build/CMakeFiles/CheckIncludeFiles/HAVE_STROPTS_H.c
/tmp/curl/build/CMakeFiles/CheckIncludeFiles/HAVE_STROPTS_H.c:31:10: fatal error: stropts.h: No such file or directory
   31 | #include <stropts.h>
      |          ^~~~~~~~~~~
compilation terminated.
make[1]: *** [CMakeFiles/cmTC_9277b.dir/build.make:66: CMakeFiles/cmTC_9277b.dir/HAVE_STROPTS_H.c.o] Error 1
make[1]: Leaving directory '/tmp/curl/build/CMakeFiles/CMakeTmp'
make: *** [Makefile:121: cmTC_9277b/fast] Error 2


Source:
/* */
#include <inttypes.h>
#include <sys/wait.h>
#include <sys/ioctl.h>
#include <sys/param.h>
#include <sys/poll.h>
#include <sys/resource.h>
#include <sys/select.h>
#include <sys/socket.h>
#include <sys/stat.h>
#include <sys/time.h>
#include <sys/types.h>
#include <sys/un.h>
#include <sys/xattr.h>
#include <arpa/inet.h>
#include <fcntl.h>
#include <ifaddrs.h>
#include <libgen.h>
#include <locale.h>
#include <net/if.h>
#include <netdb.h>
#include <netinet/in.h>
#include <netinet/tcp.h>
#include <netinet/udp.h>
#include <poll.h>
#include <pwd.h>
#include <stdatomic.h>
#include <stdbool.h>
#include <stdint.h>
#include <strings.h>
#include <stropts.h>


int main(void){return 0;}

Determining size of __int64 failed with the following output:
Change Dir: /tmp/curl/build/CMakeFiles/CMakeTmp

Run Build Command(s):/usr/bin/make cmTC_a1325/fast && /usr/bin/make -f CMakeFiles/cmTC_a1325.dir/build.make CMakeFiles/cmTC_a1325.dir/build
make[1]: Entering directory '/tmp/curl/build/CMakeFiles/CMakeTmp'
Building C object CMakeFiles/cmTC_a1325.dir/SIZEOF___INT64.c.o
/usr/bin/cc   -W -Wall -pedantic -Wbad-function-cast -Wconversion -Winline -Wmissing-declarations -Wmissing-prototypes -Wnested-externs -Wno-long-long -Wno-multichar -Wpointer-arith -Wshadow -Wsign-compare -Wundef -Wunused -Wwrite-strings -Wcast-align -Wdeclaration-after-statement -Wempty-body -Wendif-labels -Wfloat-equal -Wignored-qualifiers -Wno-format-nonliteral -Wno-sign-conversion -Wno-system-headers -Wstrict-prototypes -Wtype-limits -Wvla -Wmissing-parameter-type -Wold-style-declaration -Wstrict-aliasing=3 -Wformat=2 -Warray-bounds=2 -ftree-vrp -Wduplicated-cond -Wnull-dereference -fdelete-null-pointer-checks -Wshift-negative-value -Wshift-overflow=2 -Walloc-zero -Wduplicated-branches -Wformat-overflow=2 -Wformat-truncation=1 -Wrestrict -Wdouble-promotion -Wunused-const-variable  -fPIE   -o CMakeFiles/cmTC_a1325.dir/SIZEOF___INT64.c.o   -c /tmp/curl/build/CMakeFiles/CheckTypeSize/SIZEOF___INT64.c
/tmp/curl/build/CMakeFiles/CheckTypeSize/SIZEOF___INT64.c:23:22: error: ‘__int64’ undeclared here (not in a function); did you mean ‘__int64_t’?
   23 | #define SIZE (sizeof(__int64))
      |                      ^~~~~~~
/tmp/curl/build/CMakeFiles/CheckTypeSize/SIZEOF___INT64.c:25:12: note: in expansion of macro ‘SIZE’
   25 |   ('0' + ((SIZE / 10000)%10)),
      |            ^~~~
make[1]: *** [CMakeFiles/cmTC_a1325.dir/build.make:66: CMakeFiles/cmTC_a1325.dir/SIZEOF___INT64.c.o] Error 1
make[1]: Leaving directory '/tmp/curl/build/CMakeFiles/CMakeTmp'
make: *** [Makefile:121: cmTC_a1325/fast] Error 2


/tmp/curl/build/CMakeFiles/CheckTypeSize/SIZEOF___INT64.c:
#include <sys/types.h>
#include <stdint.h>
#include <stddef.h>


#undef KEY
#if defined(__i386)
# define KEY '_','_','i','3','8','6'
#elif defined(__x86_64)
# define KEY '_','_','x','8','6','_','6','4'
#elif defined(__ppc__)
# define KEY '_','_','p','p','c','_','_'
#elif defined(__ppc64__)
# define KEY '_','_','p','p','c','6','4','_','_'
#elif defined(__aarch64__)
# define KEY '_','_','a','a','r','c','h','6','4','_','_'
#elif defined(__ARM_ARCH_7A__)
# define KEY '_','_','A','R','M','_','A','R','C','H','_','7','A','_','_'
#elif defined(__ARM_ARCH_7S__)
# define KEY '_','_','A','R','M','_','A','R','C','H','_','7','S','_','_'
#endif

#define SIZE (sizeof(__int64))
static char info_size[] =  {'I', 'N', 'F', 'O', ':', 's','i','z','e','[',
  ('0' + ((SIZE / 10000)%10)),
  ('0' + ((SIZE / 1000)%10)),
  ('0' + ((SIZE / 100)%10)),
  ('0' + ((SIZE / 10)%10)),
  ('0' +  (SIZE    % 10)),
  ']',
#ifdef KEY
  ' ','k','e','y','[', KEY, ']',
#endif
  '\0'};

#ifdef __CLASSIC_C__
int main(argc, argv) int argc; char *argv[];
#else
int main(int argc, char *argv[])
#endif
{
  int require = 0;
  require += info_size[argc];
  (void)argv;
  return require;
}


Determining if the stricmp exist failed with the following output:
Change Dir: /tmp/curl/build/CMakeFiles/CMakeTmp

Run Build Command(s):/usr/bin/make cmTC_0d80b/fast && /usr/bin/make -f CMakeFiles/cmTC_0d80b.dir/build.make CMakeFiles/cmTC_0d80b.dir/build
make[1]: Entering directory '/tmp/curl/build/CMakeFiles/CMakeTmp'
Building C object CMakeFiles/cmTC_0d80b.dir/CheckSymbolExists.c.o
/usr/bin/cc   -W -Wall -pedantic -Wbad-function-cast -Wconversion -Winline -Wmissing-declarations -Wmissing-prototypes -Wnested-externs -Wno-long-long -Wno-multichar -Wpointer-arith -Wshadow -Wsign-compare -Wundef -Wunused -Wwrite-strings -Wcast-align -Wdeclaration-after-statement -Wempty-body -Wendif-labels -Wfloat-equal -Wignored-qualifiers -Wno-format-nonliteral -Wno-sign-conversion -Wno-system-headers -Wstrict-prototypes -Wtype-limits -Wvla -Wmissing-parameter-type -Wold-style-declaration -Wstrict-aliasing=3 -Wformat=2 -Warray-bounds=2 -ftree-vrp -Wduplicated-cond -Wnull-dereference -fdelete-null-pointer-checks -Wshift-negative-value -Wshift-overflow=2 -Walloc-zero -Wduplicated-branches -Wformat-overflow=2 -Wformat-truncation=1 -Wrestrict -Wdouble-promotion -Wunused-const-variable  -fPIE   -o CMakeFiles/cmTC_0d80b.dir/CheckSymbolExists.c.o   -c /tmp/curl/build/CMakeFiles/CMakeTmp/CheckSymbolExists.c
/tmp/curl/build/CMakeFiles/CMakeTmp/CheckSymbolExists.c: In function ‘main’:
/tmp/curl/build/CMakeFiles/CMakeTmp/CheckSymbolExists.c:41:19: error: ‘stricmp’ undeclared (first use in this function); did you mean ‘strncmp’?
   41 |   return ((int*)(&stricmp))[argc];
      |                   ^~~~~~~
      |                   strncmp
/tmp/curl/build/CMakeFiles/CMakeTmp/CheckSymbolExists.c:41:19: note: each undeclared identifier is reported only once for each function it appears in
/tmp/curl/build/CMakeFiles/CMakeTmp/CheckSymbolExists.c:37:14: warning: parameter ‘argc’ set but not used [-Wunused-but-set-parameter]
   37 | int main(int argc, char** argv)
      |          ~~~~^~~~
make[1]: *** [CMakeFiles/cmTC_0d80b.dir/build.make:66: CMakeFiles/cmTC_0d80b.dir/CheckSymbolExists.c.o] Error 1
make[1]: Leaving directory '/tmp/curl/build/CMakeFiles/CMakeTmp'
make: *** [Makefile:121: cmTC_0d80b/fast] Error 2


File /tmp/curl/build/CMakeFiles/CMakeTmp/CheckSymbolExists.c:
/* */
#include <inttypes.h>
#include <sys/wait.h>
#include <sys/ioctl.h>
#include <sys/param.h>
#include <sys/poll.h>
#include <sys/resource.h>
#include <sys/select.h>
#include <sys/socket.h>
#include <sys/stat.h>
#include <sys/time.h>
#include <sys/types.h>
#include <sys/un.h>
#include <sys/xattr.h>
#include <arpa/inet.h>
#include <fcntl.h>
#include <ifaddrs.h>
#include <libgen.h>
#include <locale.h>
#include <net/if.h>
#include <netdb.h>
#include <netinet/in.h>
#include <netinet/tcp.h>
#include <netinet/udp.h>
#include <poll.h>
#include <pwd.h>
#include <stdatomic.h>
#include <stdbool.h>
#include <stdint.h>
#include <strings.h>
#include <termio.h>
#include <termios.h>
#include <unistd.h>
#include <utime.h>
#include <string.h>

int main(int argc, char** argv)
{
  (void)argv;
#ifndef stricmp
  return ((int*)(&stricmp))[argc];
#else
  (void)argc;
  return 0;
#endif
}
Determining if the strcmpi exist failed with the following output:
Change Dir: /tmp/curl/build/CMakeFiles/CMakeTmp

Run Build Command(s):/usr/bin/make cmTC_b06ec/fast && /usr/bin/make -f CMakeFiles/cmTC_b06ec.dir/build.make CMakeFiles/cmTC_b06ec.dir/build
make[1]: Entering directory '/tmp/curl/build/CMakeFiles/CMakeTmp'
Building C object CMakeFiles/cmTC_b06ec.dir/CheckSymbolExists.c.o
/usr/bin/cc   -W -Wall -pedantic -Wbad-function-cast -Wconversion -Winline -Wmissing-declarations -Wmissing-prototypes -Wnested-externs -Wno-long-long -Wno-multichar -Wpointer-arith -Wshadow -Wsign-compare -Wundef -Wunused -Wwrite-strings -Wcast-align -Wdeclaration-after-statement -Wempty-body -Wendif-labels -Wfloat-equal -Wignored-qualifiers -Wno-format-nonliteral -Wno-sign-conversion -Wno-system-headers -Wstrict-prototypes -Wtype-limits -Wvla -Wmissing-parameter-type -Wold-style-declaration -Wstrict-aliasing=3 -Wformat=2 -Warray-bounds=2 -ftree-vrp -Wduplicated-cond -Wnull-dereference -fdelete-null-pointer-checks -Wshift-negative-value -Wshift-overflow=2 -Walloc-zero -Wduplicated-branches -Wformat-overflow=2 -Wformat-truncation=1 -Wrestrict -Wdouble-promotion -Wunused-const-variable  -fPIE   -o CMakeFiles/cmTC_b06ec.dir/CheckSymbolExists.c.o   -c /tmp/curl/build/CMakeFiles/CMakeTmp/CheckSymbolExists.c
/tmp/curl/build/CMakeFiles/CMakeTmp/CheckSymbolExists.c: In function ‘main’:
/tmp/curl/build/CMakeFiles/CMakeTmp/CheckSymbolExists.c:41:19: error: ‘strcmpi’ undeclared (first use in this function); did you mean ‘strcmp’?
   41 |   return ((int*)(&strcmpi))[argc];
      |                   ^~~~~~~
      |                   strcmp
/tmp/curl/build/CMakeFiles/CMakeTmp/CheckSymbolExists.c:41:19: note: each undeclared identifier is reported only once for each function it appears in
/tmp/curl/build/CMakeFiles/CMakeTmp/CheckSymbolExists.c:37:14: warning: parameter ‘argc’ set but not used [-Wunused-but-set-parameter]
   37 | int main(int argc, char** argv)
      |          ~~~~^~~~
make[1]: *** [CMakeFiles/cmTC_b06ec.dir/build.make:66: CMakeFiles/cmTC_b06ec.dir/CheckSymbolExists.c.o] Error 1
make[1]: Leaving directory '/tmp/curl/build/CMakeFiles/CMakeTmp'
make: *** [Makefile:121: cmTC_b06ec/fast] Error 2


File /tmp/curl/build/CMakeFiles/CMakeTmp/CheckSymbolExists.c:
/* */
#include <inttypes.h>
#include <sys/wait.h>
#include <sys/ioctl.h>
#include <sys/param.h>
#include <sys/poll.h>
#include <sys/resource.h>
#include <sys/select.h>
#include <sys/socket.h>
#include <sys/stat.h>
#include <sys/time.h>
#include <sys/types.h>
#include <sys/un.h>
#include <sys/xattr.h>
#include <arpa/inet.h>
#include <fcntl.h>
#include <ifaddrs.h>
#include <libgen.h>
#include <locale.h>
#include <net/if.h>
#include <netdb.h>
#include <netinet/in.h>
#include <netinet/tcp.h>
#include <netinet/udp.h>
#include <poll.h>
#include <pwd.h>
#include <stdatomic.h>
#include <stdbool.h>
#include <stdint.h>
#include <strings.h>
#include <termio.h>
#include <termios.h>
#include <unistd.h>
#include <utime.h>
#include <string.h>

int main(int argc, char** argv)
{
  (void)argv;
#ifndef strcmpi
  return ((int*)(&strcmpi))[argc];
#else
  (void)argc;
  return 0;
#endif
}
Determining if the memrchr exist failed with the following output:
Change Dir: /tmp/curl/build/CMakeFiles/CMakeTmp

Run Build Command(s):/usr/bin/make cmTC_a8bce/fast && /usr/bin/make -f CMakeFiles/cmTC_a8bce.dir/build.make CMakeFiles/cmTC_a8bce.dir/build
make[1]: Entering directory '/tmp/curl/build/CMakeFiles/CMakeTmp'
Building C object CMakeFiles/cmTC_a8bce.dir/CheckSymbolExists.c.o
/usr/bin/cc   -W -Wall -pedantic -Wbad-function-cast -Wconversion -Winline -Wmissing-declarations -Wmissing-prototypes -Wnested-externs -Wno-long-long -Wno-multichar -Wpointer-arith -Wshadow -Wsign-compare -Wundef -Wunused -Wwrite-strings -Wcast-align -Wdeclaration-after-statement -Wempty-body -Wendif-labels -Wfloat-equal -Wignored-qualifiers -Wno-format-nonliteral -Wno-sign-conversion -Wno-system-headers -Wstrict-prototypes -Wtype-limits -Wvla -Wmissing-parameter-type -Wold-style-declaration -Wstrict-aliasing=3 -Wformat=2 -Warray-bounds=2 -ftree-vrp -Wduplicated-cond -Wnull-dereference -fdelete-null-pointer-checks -Wshift-negative-value -Wshift-overflow=2 -Walloc-zero -Wduplicated-branches -Wformat-overflow=2 -Wformat-truncation=1 -Wrestrict -Wdouble-promotion -Wunused-const-variable  -fPIE   -o CMakeFiles/cmTC_a8bce.dir/CheckSymbolExists.c.o   -c /tmp/curl/build/CMakeFiles/CMakeTmp/CheckSymbolExists.c
/tmp/curl/build/CMakeFiles/CMakeTmp/CheckSymbolExists.c: In function ‘main’:
/tmp/curl/build/CMakeFiles/CMakeTmp/CheckSymbolExists.c:41:19: error: ‘memrchr’ undeclared (first use in this function); did you mean ‘memchr’?
   41 |   return ((int*)(&memrchr))[argc];
      |                   ^~~~~~~
      |                   memchr
/tmp/curl/build/CMakeFiles/CMakeTmp/CheckSymbolExists.c:41:19: note: each undeclared identifier is reported only once for each function it appears in
/tmp/curl/build/CMakeFiles/CMakeTmp/CheckSymbolExists.c:37:14: warning: parameter ‘argc’ set but not used [-Wunused-but-set-parameter]
   37 | int main(int argc, char** argv)
      |          ~~~~^~~~
make[1]: *** [CMakeFiles/cmTC_a8bce.dir/build.make:66: CMakeFiles/cmTC_a8bce.dir/CheckSymbolExists.c.o] Error 1
make[1]: Leaving directory '/tmp/curl/build/CMakeFiles/CMakeTmp'
make: *** [Makefile:121: cmTC_a8bce/fast] Error 2


File /tmp/curl/build/CMakeFiles/CMakeTmp/CheckSymbolExists.c:
/* */
#include <inttypes.h>
#include <sys/wait.h>
#include <sys/ioctl.h>
#include <sys/param.h>
#include <sys/poll.h>
#include <sys/resource.h>
#include <sys/select.h>
#include <sys/socket.h>
#include <sys/stat.h>
#include <sys/time.h>
#include <sys/types.h>
#include <sys/un.h>
#include <sys/xattr.h>
#include <arpa/inet.h>
#include <fcntl.h>
#include <ifaddrs.h>
#include <libgen.h>
#include <locale.h>
#include <net/if.h>
#include <netdb.h>
#include <netinet/in.h>
#include <netinet/tcp.h>
#include <netinet/udp.h>
#include <poll.h>
#include <pwd.h>
#include <stdatomic.h>
#include <stdbool.h>
#include <stdint.h>
#include <strings.h>
#include <termio.h>
#include <termios.h>
#include <unistd.h>
#include <utime.h>
#include <string.h>

int main(int argc, char** argv)
{
  (void)argv;
#ifndef memrchr
  return ((int*)(&memrchr))[argc];
#else
  (void)argc;
  return 0;
#endif
}
Determining if the arc4random exist failed with the following output:
Change Dir: /tmp/curl/build/CMakeFiles/CMakeTmp

Run Build Command(s):/usr/bin/make cmTC_e61e0/fast && /usr/bin/make -f CMakeFiles/cmTC_e61e0.dir/build.make CMakeFiles/cmTC_e61e0.dir/build
make[1]: Entering directory '/tmp/curl/build/CMakeFiles/CMakeTmp'
Building C object CMakeFiles/cmTC_e61e0.dir/CheckSymbolExists.c.o
/usr/bin/cc   -W -Wall -pedantic -Wbad-function-cast -Wconversion -Winline -Wmissing-declarations -Wmissing-prototypes -Wnested-externs -Wno-long-long -Wno-multichar -Wpointer-arith -Wshadow -Wsign-compare -Wundef -Wunused -Wwrite-strings -Wcast-align -Wdeclaration-after-statement -Wempty-body -Wendif-labels -Wfloat-equal -Wignored-qualifiers -Wno-format-nonliteral -Wno-sign-conversion -Wno-system-headers -Wstrict-prototypes -Wtype-limits -Wvla -Wmissing-parameter-type -Wold-style-declaration -Wstrict-aliasing=3 -Wformat=2 -Warray-bounds=2 -ftree-vrp -Wduplicated-cond -Wnull-dereference -fdelete-null-pointer-checks -Wshift-negative-value -Wshift-overflow=2 -Walloc-zero -Wduplicated-branches -Wformat-overflow=2 -Wformat-truncation=1 -Wrestrict -Wdouble-promotion -Wunused-const-variable  -fPIE   -o CMakeFiles/cmTC_e61e0.dir/CheckSymbolExists.c.o   -c /tmp/curl/build/CMakeFiles/CMakeTmp/CheckSymbolExists.c
/tmp/curl/build/CMakeFiles/CMakeTmp/CheckSymbolExists.c: In function ‘main’:
/tmp/curl/build/CMakeFiles/CMakeTmp/CheckSymbolExists.c:41:19: error: ‘arc4random’ undeclared (first use in this function); did you mean ‘srandom’?
   41 |   return ((int*)(&arc4random))[argc];
      |                   ^~~~~~~~~~
      |                   srandom
/tmp/curl/build/CMakeFiles/CMakeTmp/CheckSymbolExists.c:41:19: note: each undeclared identifier is reported only once for each function it appears in
/tmp/curl/build/CMakeFiles/CMakeTmp/CheckSymbolExists.c:37:14: warning: parameter ‘argc’ set but not used [-Wunused-but-set-parameter]
   37 | int main(int argc, char** argv)
      |          ~~~~^~~~
make[1]: *** [CMakeFiles/cmTC_e61e0.dir/build.make:66: CMakeFiles/cmTC_e61e0.dir/CheckSymbolExists.c.o] Error 1
make[1]: Leaving directory '/tmp/curl/build/CMakeFiles/CMakeTmp'
make: *** [Makefile:121: cmTC_e61e0/fast] Error 2


File /tmp/curl/build/CMakeFiles/CMakeTmp/CheckSymbolExists.c:
/* */
#include <inttypes.h>
#include <sys/wait.h>
#include <sys/ioctl.h>
#include <sys/param.h>
#include <sys/poll.h>
#include <sys/resource.h>
#include <sys/select.h>
#include <sys/socket.h>
#include <sys/stat.h>
#include <sys/time.h>
#include <sys/types.h>
#include <sys/un.h>
#include <sys/xattr.h>
#include <arpa/inet.h>
#include <fcntl.h>
#include <ifaddrs.h>
#include <libgen.h>
#include <locale.h>
#include <net/if.h>
#include <netdb.h>
#include <netinet/in.h>
#include <netinet/tcp.h>
#include <netinet/udp.h>
#include <poll.h>
#include <pwd.h>
#include <stdatomic.h>
#include <stdbool.h>
#include <stdint.h>
#include <strings.h>
#include <termio.h>
#include <termios.h>
#include <unistd.h>
#include <utime.h>
#include <stdlib.h>

int main(int argc, char** argv)
{
  (void)argv;
#ifndef arc4random
  return ((int*)(&arc4random))[argc];
#else
  (void)argc;
  return 0;
#endif
}
Determining if the closesocket exist failed with the following output:
Change Dir: /tmp/curl/build/CMakeFiles/CMakeTmp

Run Build Command(s):/usr/bin/make cmTC_524f8/fast && /usr/bin/make -f CMakeFiles/cmTC_524f8.dir/build.make CMakeFiles/cmTC_524f8.dir/build
make[1]: Entering directory '/tmp/curl/build/CMakeFiles/CMakeTmp'
Building C object CMakeFiles/cmTC_524f8.dir/CheckSymbolExists.c.o
/usr/bin/cc   -W -Wall -pedantic -Wbad-function-cast -Wconversion -Winline -Wmissing-declarations -Wmissing-prototypes -Wnested-externs -Wno-long-long -Wno-multichar -Wpointer-arith -Wshadow -Wsign-compare -Wundef -Wunused -Wwrite-strings -Wcast-align -Wdeclaration-after-statement -Wempty-body -Wendif-labels -Wfloat-equal -Wignored-qualifiers -Wno-format-nonliteral -Wno-sign-conversion -Wno-system-headers -Wstrict-prototypes -Wtype-limits -Wvla -Wmissing-parameter-type -Wold-style-declaration -Wstrict-aliasing=3 -Wformat=2 -Warray-bounds=2 -ftree-vrp -Wduplicated-cond -Wnull-dereference -fdelete-null-pointer-checks -Wshift-negative-value -Wshift-overflow=2 -Walloc-zero -Wduplicated-branches -Wformat-overflow=2 -Wformat-truncation=1 -Wrestrict -Wdouble-promotion -Wunused-const-variable  -fPIE   -o CMakeFiles/cmTC_524f8.dir/CheckSymbolExists.c.o   -c /tmp/curl/build/CMakeFiles/CMakeTmp/CheckSymbolExists.c
/tmp/curl/build/CMakeFiles/CMakeTmp/CheckSymbolExists.c: In function ‘main’:
/tmp/curl/build/CMakeFiles/CMakeTmp/CheckSymbolExists.c:40:19: error: ‘closesocket’ undeclared (first use in this function)
   40 |   return ((int*)(&closesocket))[argc];
      |                   ^~~~~~~~~~~
/tmp/curl/build/CMakeFiles/CMakeTmp/CheckSymbolExists.c:40:19: note: each undeclared identifier is reported only once for each function it appears in
/tmp/curl/build/CMakeFiles/CMakeTmp/CheckSymbolExists.c:36:14: warning: parameter ‘argc’ set but not used [-Wunused-but-set-parameter]
   36 | int main(int argc, char** argv)
      |          ~~~~^~~~
make[1]: *** [CMakeFiles/cmTC_524f8.dir/build.make:66: CMakeFiles/cmTC_524f8.dir/CheckSymbolExists.c.o] Error 1
make[1]: Leaving directory '/tmp/curl/build/CMakeFiles/CMakeTmp'
make: *** [Makefile:121: cmTC_524f8/fast] Error 2


File /tmp/curl/build/CMakeFiles/CMakeTmp/CheckSymbolExists.c:
/* */
#include <inttypes.h>
#include <sys/wait.h>
#include <sys/ioctl.h>
#include <sys/param.h>
#include <sys/poll.h>
#include <sys/resource.h>
#include <sys/select.h>
#include <sys/socket.h>
#include <sys/stat.h>
#include <sys/time.h>
#include <sys/types.h>
#include <sys/un.h>
#include <sys/xattr.h>
#include <arpa/inet.h>
#include <fcntl.h>
#include <ifaddrs.h>
#include <libgen.h>
#include <locale.h>
#include <net/if.h>
#include <netdb.h>
#include <netinet/in.h>
#include <netinet/tcp.h>
#include <netinet/udp.h>
#include <poll.h>
#include <pwd.h>
#include <stdatomic.h>
#include <stdbool.h>
#include <stdint.h>
#include <strings.h>
#include <termio.h>
#include <termios.h>
#include <unistd.h>
#include <utime.h>

int main(int argc, char** argv)
{
  (void)argv;
#ifndef closesocket
  return ((int*)(&closesocket))[argc];
#else
  (void)argc;
  return 0;
#endif
}
Determining if the getpass_r exist failed with the following output:
Change Dir: /tmp/curl/build/CMakeFiles/CMakeTmp

Run Build Command(s):/usr/bin/make cmTC_ac162/fast && /usr/bin/make -f CMakeFiles/cmTC_ac162.dir/build.make CMakeFiles/cmTC_ac162.dir/build
make[1]: Entering directory '/tmp/curl/build/CMakeFiles/CMakeTmp'
Building C object CMakeFiles/cmTC_ac162.dir/CheckSymbolExists.c.o
/usr/bin/cc   -W -Wall -pedantic -Wbad-function-cast -Wconversion -Winline -Wmissing-declarations -Wmissing-prototypes -Wnested-externs -Wno-long-long -Wno-multichar -Wpointer-arith -Wshadow -Wsign-compare -Wundef -Wunused -Wwrite-strings -Wcast-align -Wdeclaration-after-statement -Wempty-body -Wendif-labels -Wfloat-equal -Wignored-qualifiers -Wno-format-nonliteral -Wno-sign-conversion -Wno-system-headers -Wstrict-prototypes -Wtype-limits -Wvla -Wmissing-parameter-type -Wold-style-declaration -Wstrict-aliasing=3 -Wformat=2 -Warray-bounds=2 -ftree-vrp -Wduplicated-cond -Wnull-dereference -fdelete-null-pointer-checks -Wshift-negative-value -Wshift-overflow=2 -Walloc-zero -Wduplicated-branches -Wformat-overflow=2 -Wformat-truncation=1 -Wrestrict -Wdouble-promotion -Wunused-const-variable  -fPIE   -o CMakeFiles/cmTC_ac162.dir/CheckSymbolExists.c.o   -c /tmp/curl/build/CMakeFiles/CMakeTmp/CheckSymbolExists.c
/tmp/curl/build/CMakeFiles/CMakeTmp/CheckSymbolExists.c: In function ‘main’:
/tmp/curl/build/CMakeFiles/CMakeTmp/CheckSymbolExists.c:40:19: error: ‘getpass_r’ undeclared (first use in this function); did you mean ‘getpass’?
   40 |   return ((int*)(&getpass_r))[argc];
      |                   ^~~~~~~~~
      |                   getpass
/tmp/curl/build/CMakeFiles/CMakeTmp/CheckSymbolExists.c:40:19: note: each undeclared identifier is reported only once for each function it appears in
/tmp/curl/build/CMakeFiles/CMakeTmp/CheckSymbolExists.c:36:14: warning: parameter ‘argc’ set but not used [-Wunused-but-set-parameter]
   36 | int main(int argc, char** argv)
      |          ~~~~^~~~
make[1]: *** [CMakeFiles/cmTC_ac162.dir/build.make:66: CMakeFiles/cmTC_ac162.dir/CheckSymbolExists.c.o] Error 1
make[1]: Leaving directory '/tmp/curl/build/CMakeFiles/CMakeTmp'
make: *** [Makefile:121: cmTC_ac162/fast] Error 2


File /tmp/curl/build/CMakeFiles/CMakeTmp/CheckSymbolExists.c:
/* */
#include <inttypes.h>
#include <sys/wait.h>
#include <sys/ioctl.h>
#include <sys/param.h>
#include <sys/poll.h>
#include <sys/resource.h>
#include <sys/select.h>
#include <sys/socket.h>
#include <sys/stat.h>
#include <sys/time.h>
#include <sys/types.h>
#include <sys/un.h>
#include <sys/xattr.h>
#include <arpa/inet.h>
#include <fcntl.h>
#include <ifaddrs.h>
#include <libgen.h>
#include <locale.h>
#include <net/if.h>
#include <netdb.h>
#include <netinet/in.h>
#include <netinet/tcp.h>
#include <netinet/udp.h>
#include <poll.h>
#include <pwd.h>
#include <stdatomic.h>
#include <stdbool.h>
#include <stdint.h>
#include <strings.h>
#include <termio.h>
#include <termios.h>
#include <unistd.h>
#include <utime.h>

int main(int argc, char** argv)
{
  (void)argv;
#ifndef getpass_r
  return ((int*)(&getpass_r))[argc];
#else
  (void)argc;
  return 0;
#endif
}
Determining if the _fseeki64 exist failed with the following output:
Change Dir: /tmp/curl/build/CMakeFiles/CMakeTmp

Run Build Command(s):/usr/bin/make cmTC_9ba5e/fast && /usr/bin/make -f CMakeFiles/cmTC_9ba5e.dir/build.make CMakeFiles/cmTC_9ba5e.dir/build
make[1]: Entering directory '/tmp/curl/build/CMakeFiles/CMakeTmp'
Building C object CMakeFiles/cmTC_9ba5e.dir/CheckSymbolExists.c.o
/usr/bin/cc   -W -Wall -pedantic -Wbad-function-cast -Wconversion -Winline -Wmissing-declarations -Wmissing-prototypes -Wnested-externs -Wno-long-long -Wno-multichar -Wpointer-arith -Wshadow -Wsign-compare -Wundef -Wunused -Wwrite-strings -Wcast-align -Wdeclaration-after-statement -Wempty-body -Wendif-labels -Wfloat-equal -Wignored-qualifiers -Wno-format-nonliteral -Wno-sign-conversion -Wno-system-headers -Wstrict-prototypes -Wtype-limits -Wvla -Wmissing-parameter-type -Wold-style-declaration -Wstrict-aliasing=3 -Wformat=2 -Warray-bounds=2 -ftree-vrp -Wduplicated-cond -Wnull-dereference -fdelete-null-pointer-checks -Wshift-negative-value -Wshift-overflow=2 -Walloc-zero -Wduplicated-branches -Wformat-overflow=2 -Wformat-truncation=1 -Wrestrict -Wdouble-promotion -Wunused-const-variable  -fPIE   -o CMakeFiles/cmTC_9ba5e.dir/CheckSymbolExists.c.o   -c /tmp/curl/build/CMakeFiles/CMakeTmp/CheckSymbolExists.c
/tmp/curl/build/CMakeFiles/CMakeTmp/CheckSymbolExists.c: In function ‘main’:
/tmp/curl/build/CMakeFiles/CMakeTmp/CheckSymbolExists.c:41:19: error: ‘_fseeki64’ undeclared (first use in this function)
   41 |   return ((int*)(&_fseeki64))[argc];
      |                   ^~~~~~~~~
/tmp/curl/build/CMakeFiles/CMakeTmp/CheckSymbolExists.c:41:19: note: each undeclared identifier is reported only once for each function it appears in
/tmp/curl/build/CMakeFiles/CMakeTmp/CheckSymbolExists.c:37:14: warning: parameter ‘argc’ set but not used [-Wunused-but-set-parameter]
   37 | int main(int argc, char** argv)
      |          ~~~~^~~~
make[1]: *** [CMakeFiles/cmTC_9ba5e.dir/build.make:66: CMakeFiles/cmTC_9ba5e.dir/CheckSymbolExists.c.o] Error 1
make[1]: Leaving directory '/tmp/curl/build/CMakeFiles/CMakeTmp'
make: *** [Makefile:121: cmTC_9ba5e/fast] Error 2


File /tmp/curl/build/CMakeFiles/CMakeTmp/CheckSymbolExists.c:
/* */
#include <inttypes.h>
#include <sys/wait.h>
#include <sys/ioctl.h>
#include <sys/param.h>
#include <sys/poll.h>
#include <sys/resource.h>
#include <sys/select.h>
#include <sys/socket.h>
#include <sys/stat.h>
#include <sys/time.h>
#include <sys/types.h>
#include <sys/un.h>
#include <sys/xattr.h>
#include <arpa/inet.h>
#include <fcntl.h>
#include <ifaddrs.h>
#include <libgen.h>
#include <locale.h>
#include <net/if.h>
#include <netdb.h>
#include <netinet/in.h>
#include <netinet/tcp.h>
#include <netinet/udp.h>
#include <poll.h>
#include <pwd.h>
#include <stdatomic.h>
#include <stdbool.h>
#include <stdint.h>
#include <strings.h>
#include <termio.h>
#include <termios.h>
#include <unistd.h>
#include <utime.h>
#include <stdio.h>

int main(int argc, char** argv)
{
  (void)argv;
#ifndef _fseeki64
  return ((int*)(&_fseeki64))[argc];
#else
  (void)argc;
  return 0;
#endif
}
Determining if the setmode exist failed with the following output:
Change Dir: /tmp/curl/build/CMakeFiles/CMakeTmp

Run Build Command(s):/usr/bin/make cmTC_39fc0/fast && /usr/bin/make -f CMakeFiles/cmTC_39fc0.dir/build.make CMakeFiles/cmTC_39fc0.dir/build
make[1]: Entering directory '/tmp/curl/build/CMakeFiles/CMakeTmp'
Building C object CMakeFiles/cmTC_39fc0.dir/CheckSymbolExists.c.o
/usr/bin/cc   -W -Wall -pedantic -Wbad-function-cast -Wconversion -Winline -Wmissing-declarations -Wmissing-prototypes -Wnested-externs -Wno-long-long -Wno-multichar -Wpointer-arith -Wshadow -Wsign-compare -Wundef -Wunused -Wwrite-strings -Wcast-align -Wdeclaration-after-statement -Wempty-body -Wendif-labels -Wfloat-equal -Wignored-qualifiers -Wno-format-nonliteral -Wno-sign-conversion -Wno-system-headers -Wstrict-prototypes -Wtype-limits -Wvla -Wmissing-parameter-type -Wold-style-declaration -Wstrict-aliasing=3 -Wformat=2 -Warray-bounds=2 -ftree-vrp -Wduplicated-cond -Wnull-dereference -fdelete-null-pointer-checks -Wshift-negative-value -Wshift-overflow=2 -Walloc-zero -Wduplicated-branches -Wformat-overflow=2 -Wformat-truncation=1 -Wrestrict -Wdouble-promotion -Wunused-const-variable  -fPIE   -o CMakeFiles/cmTC_39fc0.dir/CheckSymbolExists.c.o   -c /tmp/curl/build/CMakeFiles/CMakeTmp/CheckSymbolExists.c
/tmp/curl/build/CMakeFiles/CMakeTmp/CheckSymbolExists.c: In function ‘main’:
/tmp/curl/build/CMakeFiles/CMakeTmp/CheckSymbolExists.c:40:19: error: ‘setmode’ undeclared (first use in this function)
   40 |   return ((int*)(&setmode))[argc];
      |                   ^~~~~~~
/tmp/curl/build/CMakeFiles/CMakeTmp/CheckSymbolExists.c:40:19: note: each undeclared identifier is reported only once for each function it appears in
/tmp/curl/build/CMakeFiles/CMakeTmp/CheckSymbolExists.c:36:14: warning: parameter ‘argc’ set but not used [-Wunused-but-set-parameter]
   36 | int main(int argc, char** argv)
      |          ~~~~^~~~
make[1]: *** [CMakeFiles/cmTC_39fc0.dir/build.make:66: CMakeFiles/cmTC_39fc0.dir/CheckSymbolExists.c.o] Error 1
make[1]: Leaving directory '/tmp/curl/build/CMakeFiles/CMakeTmp'
make: *** [Makefile:121: cmTC_39fc0/fast] Error 2


File /tmp/curl/build/CMakeFiles/CMakeTmp/CheckSymbolExists.c:
/* */
#include <inttypes.h>
#include <sys/wait.h>
#include <sys/ioctl.h>
#include <sys/param.h>
#include <sys/poll.h>
#include <sys/resource.h>
#include <sys/select.h>
#include <sys/socket.h>
#include <sys/stat.h>
#include <sys/time.h>
#include <sys/types.h>
#include <sys/un.h>
#include <sys/xattr.h>
#include <arpa/inet.h>
#include <fcntl.h>
#include <ifaddrs.h>
#include <libgen.h>
#include <locale.h>
#include <net/if.h>
#include <netdb.h>
#include <netinet/in.h>
#include <netinet/tcp.h>
#include <netinet/udp.h>
#include <poll.h>
#include <pwd.h>
#include <stdatomic.h>
#include <stdbool.h>
#include <stdint.h>
#include <strings.h>
#include <termio.h>
#include <termios.h>
#include <unistd.h>
#include <utime.h>

int main(int argc, char** argv)
{
  (void)argv;
#ifndef setmode
  return ((int*)(&setmode))[argc];
#else
  (void)argc;
  return 0;
#endif
}
Determining if the function mach_absolute_time exists failed with the following output:
Change Dir: /tmp/curl/build/CMakeFiles/CMakeTmp

Run Build Command(s):/usr/bin/make cmTC_5e4fc/fast && /usr/bin/make -f CMakeFiles/cmTC_5e4fc.dir/build.make CMakeFiles/cmTC_5e4fc.dir/build
make[1]: Entering directory '/tmp/curl/build/CMakeFiles/CMakeTmp'
Building C object CMakeFiles/cmTC_5e4fc.dir/CheckFunctionExists.c.o
/usr/bin/cc   -W -Wall -pedantic -Wbad-function-cast -Wconversion -Winline -Wmissing-declarations -Wmissing-prototypes -Wnested-externs -Wno-long-long -Wno-multichar -Wpointer-arith -Wshadow -Wsign-compare -Wundef -Wunused -Wwrite-strings -Wcast-align -Wdeclaration-after-statement -Wempty-body -Wendif-labels -Wfloat-equal -Wignored-qualifiers -Wno-format-nonliteral -Wno-sign-conversion -Wno-system-headers -Wstrict-prototypes -Wtype-limits -Wvla -Wmissing-parameter-type -Wold-style-declaration -Wstrict-aliasing=3 -Wformat=2 -Warray-bounds=2 -ftree-vrp -Wduplicated-cond -Wnull-dereference -fdelete-null-pointer-checks -Wshift-negative-value -Wshift-overflow=2 -Walloc-zero -Wduplicated-branches -Wformat-overflow=2 -Wformat-truncation=1 -Wrestrict -Wdouble-promotion -Wunused-const-variable -DCHECK_FUNCTION_EXISTS=mach_absolute_time -fPIE   -o CMakeFiles/cmTC_5e4fc.dir/CheckFunctionExists.c.o   -c /usr/share/cmake-3.16/Modules/CheckFunctionExists.c
Linking C executable cmTC_5e4fc
/usr/bin/cmake -E cmake_link_script CMakeFiles/cmTC_5e4fc.dir/link.txt --verbose=1
/usr/bin/cc   -W -Wall -pedantic -Wbad-function-cast -Wconversion -Winline -Wmissing-declarations -Wmissing-prototypes -Wnested-externs -Wno-long-long -Wno-multichar -Wpointer-arith -Wshadow -Wsign-compare -Wundef -Wunused -Wwrite-strings -Wcast-align -Wdeclaration-after-statement -Wempty-body -Wendif-labels -Wfloat-equal -Wignored-qualifiers -Wno-format-nonliteral -Wno-sign-conversion -Wno-system-headers -Wstrict-prototypes -Wtype-limits -Wvla -Wmissing-parameter-type -Wold-style-declaration -Wstrict-aliasing=3 -Wformat=2 -Warray-bounds=2 -ftree-vrp -Wduplicated-cond -Wnull-dereference -fdelete-null-pointer-checks -Wshift-negative-value -Wshift-overflow=2 -Walloc-zero -Wduplicated-branches -Wformat-overflow=2 -Wformat-truncation=1 -Wrestrict -Wdouble-promotion -Wunused-const-variable -DCHECK_FUNCTION_EXISTS=mach_absolute_time    CMakeFiles/cmTC_5e4fc.dir/CheckFunctionExists.c.o  -o cmTC_5e4fc  /usr/lib/x86_64-linux-gnu/libssl.so /usr/lib/x86_64-linux-gnu/libcrypto.so 
/usr/bin/ld: CMakeFiles/cmTC_5e4fc.dir/CheckFunctionExists.c.o: in function `main':
CheckFunctionExists.c:(.text+0x14): undefined reference to `mach_absolute_time'
collect2: error: ld returned 1 exit status
make[1]: *** [CMakeFiles/cmTC_5e4fc.dir/build.make:89: cmTC_5e4fc] Error 1
make[1]: Leaving directory '/tmp/curl/build/CMakeFiles/CMakeTmp'
make: *** [Makefile:121: cmTC_5e4fc/fast] Error 2



Performing Curl Test HAVE_FSETXATTR_6 failed with the following output:
Change Dir: /tmp/curl/build/CMakeFiles/CMakeTmp

Run Build Command(s):/usr/bin/make cmTC_6a6b7/fast && /usr/bin/make -f CMakeFiles/cmTC_6a6b7.dir/build.make CMakeFiles/cmTC_6a6b7.dir/build
make[1]: Entering directory '/tmp/curl/build/CMakeFiles/CMakeTmp'
Building C object CMakeFiles/cmTC_6a6b7.dir/CurlTests.c.o
/usr/bin/cc   -W -Wall -pedantic -Wbad-function-cast -Wconversion -Winline -Wmissing-declarations -Wmissing-prototypes -Wnested-externs -Wno-long-long -Wno-multichar -Wpointer-arith -Wshadow -Wsign-compare -Wundef -Wunused -Wwrite-strings -Wcast-align -Wdeclaration-after-statement -Wempty-body -Wendif-labels -Wfloat-equal -Wignored-qualifiers -Wno-format-nonliteral -Wno-sign-conversion -Wno-system-headers -Wstrict-prototypes -Wtype-limits -Wvla -Wmissing-parameter-type -Wold-style-declaration -Wstrict-aliasing=3 -Wformat=2 -Warray-bounds=2 -ftree-vrp -Wduplicated-cond -Wnull-dereference -fdelete-null-pointer-checks -Wshift-negative-value -Wshift-overflow=2 -Walloc-zero -Wduplicated-branches -Wformat-overflow=2 -Wformat-truncation=1 -Wrestrict -Wdouble-promotion -Wunused-const-variable -DHAVE_FSETXATTR_6  -DHAVE_INTTYPES_H -DHAVE_SYS_WAIT_H -DHAVE_SYS_IOCTL_H -DHAVE_SYS_PARAM_H -DHAVE_SYS_POLL_H -DHAVE_SYS_RESOURCE_H -DHAVE_SYS_SELECT_H -DHAVE_SYS_SOCKET_H -DHAVE_SYS_STAT_H -DHAVE_SYS_TIME_H -DHAVE_SYS_TYPES_H -DHAVE_SYS_UN_H -DHAVE_SYS_XATTR_H -DHAVE_ARPA_INET_H -DHAVE_FCNTL_H -DHAVE_IFADDRS_H -DHAVE_LIBGEN_H -DHAVE_LOCALE_H -DHAVE_NET_IF_H -DHAVE_NETDB_H -DHAVE_NETINET_IN_H -DHAVE_NETINET_TCP_H -DHAVE_NETINET_UDP_H -DHAVE_POLL_H -DHAVE_PWD_H -DHAVE_STDATOMIC_H -DHAVE_STDBOOL_H -DHAVE_STDINT_H -DHAVE_STRINGS_H -DHAVE_TERMIO_H -DHAVE_TERMIOS_H -DHAVE_UNISTD_H -DHAVE_UTIME_H -fPIE   -o CMakeFiles/cmTC_6a6b7.dir/CurlTests.c.o   -c /tmp/curl/CMake/CurlTests.c
/tmp/curl/CMake/CurlTests.c:405:1: warning: function declaration isn’t a prototype [-Wstrict-prototypes]
  405 | main() {
      | ^~~~
/tmp/curl/CMake/CurlTests.c: In function ‘main’:
/tmp/curl/CMake/CurlTests.c:406:3: error: too many arguments to function ‘fsetxattr’
  406 |   fsetxattr(0, 0, 0, 0, 0, 0);
      |   ^~~~~~~~~
In file included from /tmp/curl/CMake/CurlTests.c:403:
/usr/include/x86_64-linux-gnu/sys/xattr.h:54:12: note: declared here
   54 | extern int fsetxattr (int __fd, const char *__name, const void *__value,
      |            ^~~~~~~~~
make[1]: *** [CMakeFiles/cmTC_6a6b7.dir/build.make:66: CMakeFiles/cmTC_6a6b7.dir/CurlTests.c.o] Error 1
make[1]: Leaving directory '/tmp/curl/build/CMakeFiles/CMakeTmp'
make: *** [Makefile:121: cmTC_6a6b7/fast] Error 2


Determining size of ADDRESS_FAMILY failed with the following output:
Change Dir: /tmp/curl/build/CMakeFiles/CMakeTmp

Run Build Command(s):/usr/bin/make cmTC_61486/fast && /usr/bin/make -f CMakeFiles/cmTC_61486.dir/build.make CMakeFiles/cmTC_61486.dir/build
make[1]: Entering directory '/tmp/curl/build/CMakeFiles/CMakeTmp'
Building C object CMakeFiles/cmTC_61486.dir/SIZEOF_ADDRESS_FAMILY.c.o
/usr/bin/cc   -W -Wall -pedantic -Wbad-function-cast -Wconversion -Winline -Wmissing-declarations -Wmissing-prototypes -Wnested-externs -Wno-long-long -Wno-multichar -Wpointer-arith -Wshadow -Wsign-compare -Wundef -Wunused -Wwrite-strings -Wcast-align -Wdeclaration-after-statement -Wempty-body -Wendif-labels -Wfloat-equal -Wignored-qualifiers -Wno-format-nonliteral -Wno-sign-conversion -Wno-system-headers -Wstrict-prototypes -Wtype-limits -Wvla -Wmissing-parameter-type -Wold-style-declaration -Wstrict-aliasing=3 -Wformat=2 -Warray-bounds=2 -ftree-vrp -Wduplicated-cond -Wnull-dereference -fdelete-null-pointer-checks -Wshift-negative-value -Wshift-overflow=2 -Walloc-zero -Wduplicated-branches -Wformat-overflow=2 -Wformat-truncation=1 -Wrestrict -Wdouble-promotion -Wunused-const-variable  -fPIE   -o CMakeFiles/cmTC_61486.dir/SIZEOF_ADDRESS_FAMILY.c.o   -c /tmp/curl/build/CMakeFiles/CheckTypeSize/SIZEOF_ADDRESS_FAMILY.c
/tmp/curl/build/CMakeFiles/CheckTypeSize/SIZEOF_ADDRESS_FAMILY.c:4:10: fatal error: ws2def.h: No such file or directory
    4 | #include "ws2def.h"
      |          ^~~~~~~~~~
compilation terminated.
make[1]: *** [CMakeFiles/cmTC_61486.dir/build.make:66: CMakeFiles/cmTC_61486.dir/SIZEOF_ADDRESS_FAMILY.c.o] Error 1
make[1]: Leaving directory '/tmp/curl/build/CMakeFiles/CMakeTmp'
make: *** [Makefile:121: cmTC_61486/fast] Error 2


/tmp/curl/build/CMakeFiles/CheckTypeSize/SIZEOF_ADDRESS_FAMILY.c:
#include <sys/types.h>
#include <stdint.h>
#include <stddef.h>
#include "ws2def.h"


#undef KEY
#if defined(__i386)
# define KEY '_','_','i','3','8','6'
#elif defined(__x86_64)
# define KEY '_','_','x','8','6','_','6','4'
#elif defined(__ppc__)
# define KEY '_','_','p','p','c','_','_'
#elif defined(__ppc64__)
# define KEY '_','_','p','p','c','6','4','_','_'
#elif defined(__aarch64__)
# define KEY '_','_','a','a','r','c','h','6','4','_','_'
#elif defined(__ARM_ARCH_7A__)
# define KEY '_','_','A','R','M','_','A','R','C','H','_','7','A','_','_'
#elif defined(__ARM_ARCH_7S__)
# define KEY '_','_','A','R','M','_','A','R','C','H','_','7','S','_','_'
#endif

#define SIZE (sizeof(ADDRESS_FAMILY))
static char info_size[] =  {'I', 'N', 'F', 'O', ':', 's','i','z','e','[',
  ('0' + ((SIZE / 10000)%10)),
  ('0' + ((SIZE / 1000)%10)),
  ('0' + ((SIZE / 100)%10)),
  ('0' + ((SIZE / 10)%10)),
  ('0' +  (SIZE    % 10)),
  ']',
#ifdef KEY
  ' ','k','e','y','[', KEY, ']',
#endif
  '\0'};

#ifdef __CLASSIC_C__
int main(argc, argv) int argc; char *argv[];
#else
int main(int argc, char *argv[])
#endif
{
  int require = 0;
  require += info_size[argc];
  (void)argv;
  return require;
}


Performing Curl Test HAVE_IOCTLSOCKET failed with the following output:
Change Dir: /tmp/curl/build/CMakeFiles/CMakeTmp

Run Build Command(s):/usr/bin/make cmTC_67d29/fast && /usr/bin/make -f CMakeFiles/cmTC_67d29.dir/build.make CMakeFiles/cmTC_67d29.dir/build
make[1]: Entering directory '/tmp/curl/build/CMakeFiles/CMakeTmp'
Building C object CMakeFiles/cmTC_67d29.dir/CurlTests.c.o
/usr/bin/cc   -W -Wall -pedantic -Wbad-function-cast -Wconversion -Winline -Wmissing-declarations -Wmissing-prototypes -Wnested-externs -Wno-long-long -Wno-multichar -Wpointer-arith -Wshadow -Wsign-compare -Wundef -Wunused -Wwrite-strings -Wcast-align -Wdeclaration-after-statement -Wempty-body -Wendif-labels -Wfloat-equal -Wignored-qualifiers -Wno-format-nonliteral -Wno-sign-conversion -Wno-system-headers -Wstrict-prototypes -Wtype-limits -Wvla -Wmissing-parameter-type -Wold-style-declaration -Wstrict-aliasing=3 -Wformat=2 -Warray-bounds=2 -ftree-vrp -Wduplicated-cond -Wnull-dereference -fdelete-null-pointer-checks -Wshift-negative-value -Wshift-overflow=2 -Walloc-zero -Wduplicated-branches -Wformat-overflow=2 -Wformat-truncation=1 -Wrestrict -Wdouble-promotion -Wunused-const-variable -DHAVE_IOCTLSOCKET  -DHAVE_INTTYPES_H -DHAVE_SYS_WAIT_H -DHAVE_SYS_IOCTL_H -DHAVE_SYS_PARAM_H -DHAVE_SYS_POLL_H -DHAVE_SYS_RESOURCE_H -DHAVE_SYS_SELECT_H -DHAVE_SYS_SOCKET_H -DHAVE_SYS_STAT_H -DHAVE_SYS_TIME_H -DHAVE_SYS_TYPES_H -DHAVE_SYS_UN_H -DHAVE_SYS_XATTR_H -DHAVE_ARPA_INET_H -DHAVE_FCNTL_H -DHAVE_IFADDRS_H -DHAVE_LIBGEN_H -DHAVE_LOCALE_H -DHAVE_NET_IF_H -DHAVE_NETDB_H -DHAVE_NETINET_IN_H -DHAVE_NETINET_TCP_H -DHAVE_NETINET_UDP_H -DHAVE_POLL_H -DHAVE_PWD_H -DHAVE_STDATOMIC_H -DHAVE_STDBOOL_H -DHAVE_STDINT_H -DHAVE_STRINGS_H -DHAVE_TERMIO_H -DHAVE_TERMIOS_H -DHAVE_UNISTD_H -DHAVE_UTIME_H -fPIE   -o CMakeFiles/cmTC_67d29.dir/CurlTests.c.o   -c /tmp/curl/CMake/CurlTests.c
/tmp/curl/CMake/CurlTests.c:199:1: warning: function declaration isn’t a prototype [-Wstrict-prototypes]
  199 | main ()
      | ^~~~
/tmp/curl/CMake/CurlTests.c: In function ‘main’:
/tmp/curl/CMake/CurlTests.c:204:24: warning: implicit declaration of function ‘ioctlsocket’ [-Wimplicit-function-declaration]
  204 |  unsigned long flags = ioctlsocket(socket, FIONBIO, &flags);
      |                        ^~~~~~~~~~~
/tmp/curl/CMake/CurlTests.c:204:24: warning: nested extern declaration of ‘ioctlsocket’ [-Wnested-externs]
/tmp/curl/CMake/CurlTests.c:204:44: error: ‘FIONBIO’ undeclared (first use in this function)
  204 |  unsigned long flags = ioctlsocket(socket, FIONBIO, &flags);
      |                                            ^~~~~~~
/tmp/curl/CMake/CurlTests.c:204:44: note: each undeclared identifier is reported only once for each function it appears in
make[1]: *** [CMakeFiles/cmTC_67d29.dir/build.make:66: CMakeFiles/cmTC_67d29.dir/CurlTests.c.o] Error 1
make[1]: Leaving directory '/tmp/curl/build/CMakeFiles/CMakeTmp'
make: *** [Makefile:121: cmTC_67d29/fast] Error 2


Performing Curl Test HAVE_IOCTLSOCKET_CAMEL failed with the following output:
Change Dir: /tmp/curl/build/CMakeFiles/CMakeTmp

Run Build Command(s):/usr/bin/make cmTC_b62c7/fast && /usr/bin/make -f CMakeFiles/cmTC_b62c7.dir/build.make CMakeFiles/cmTC_b62c7.dir/build
make[1]: Entering directory '/tmp/curl/build/CMakeFiles/CMakeTmp'
Building C object CMakeFiles/cmTC_b62c7.dir/CurlTests.c.o
/usr/bin/cc   -W -Wall -pedantic -Wbad-function-cast -Wconversion -Winline -Wmissing-declarations -Wmissing-prototypes -Wnested-externs -Wno-long-long -Wno-multichar -Wpointer-arith -Wshadow -Wsign-compare -Wundef -Wunused -Wwrite-strings -Wcast-align -Wdeclaration-after-statement -Wempty-body -Wendif-labels -Wfloat-equal -Wignored-qualifiers -Wno-format-nonliteral -Wno-sign-conversion -Wno-system-headers -Wstrict-prototypes -Wtype-limits -Wvla -Wmissing-parameter-type -Wold-style-declaration -Wstrict-aliasing=3 -Wformat=2 -Warray-bounds=2 -ftree-vrp -Wduplicated-cond -Wnull-dereference -fdelete-null-pointer-checks -Wshift-negative-value -Wshift-overflow=2 -Walloc-zero -Wduplicated-branches -Wformat-overflow=2 -Wformat-truncation=1 -Wrestrict -Wdouble-promotion -Wunused-const-variable -DHAVE_IOCTLSOCKET_CAMEL  -DHAVE_INTTYPES_H -DHAVE_SYS_WAIT_H -DHAVE_SYS_IOCTL_H -DHAVE_SYS_PARAM_H -DHAVE_SYS_POLL_H -DHAVE_SYS_RESOURCE_H -DHAVE_SYS_SELECT_H -DHAVE_SYS_SOCKET_H -DHAVE_SYS_STAT_H -DHAVE_SYS_TIME_H -DHAVE_SYS_TYPES_H -DHAVE_SYS_UN_H -DHAVE_SYS_XATTR_H -DHAVE_ARPA_INET_H -DHAVE_FCNTL_H -DHAVE_IFADDRS_H -DHAVE_LIBGEN_H -DHAVE_LOCALE_H -DHAVE_NET_IF_H -DHAVE_NETDB_H -DHAVE_NETINET_IN_H -DHAVE_NETINET_TCP_H -DHAVE_NETINET_UDP_H -DHAVE_POLL_H -DHAVE_PWD_H -DHAVE_STDATOMIC_H -DHAVE_STDBOOL_H -DHAVE_STDINT_H -DHAVE_STRINGS_H -DHAVE_TERMIO_H -DHAVE_TERMIOS_H -DHAVE_UNISTD_H -DHAVE_UTIME_H -fPIE   -o CMakeFiles/cmTC_b62c7.dir/CurlTests.c.o   -c /tmp/curl/CMake/CurlTests.c
/tmp/curl/CMake/CurlTests.c:224:1: warning: function declaration isn’t a prototype [-Wstrict-prototypes]
  224 | main ()
      | ^~~~
/tmp/curl/CMake/CurlTests.c: In function ‘main’:
/tmp/curl/CMake/CurlTests.c:228:13: warning: implicit declaration of function ‘IoctlSocket’ [-Wimplicit-function-declaration]
  228 |     if(0 != IoctlSocket(0, 0, 0))
      |             ^~~~~~~~~~~
/tmp/curl/CMake/CurlTests.c:228:13: warning: nested extern declaration of ‘IoctlSocket’ [-Wnested-externs]
Linking C executable cmTC_b62c7
/usr/bin/cmake -E cmake_link_script CMakeFiles/cmTC_b62c7.dir/link.txt --verbose=1
/usr/bin/cc   -W -Wall -pedantic -Wbad-function-cast -Wconversion -Winline -Wmissing-declarations -Wmissing-prototypes -Wnested-externs -Wno-long-long -Wno-multichar -Wpointer-arith -Wshadow -Wsign-compare -Wundef -Wunused -Wwrite-strings -Wcast-align -Wdeclaration-after-statement -Wempty-body -Wendif-labels -Wfloat-equal -Wignored-qualifiers -Wno-format-nonliteral -Wno-sign-conversion -Wno-system-headers -Wstrict-prototypes -Wtype-limits -Wvla -Wmissing-parameter-type -Wold-style-declaration -Wstrict-aliasing=3 -Wformat=2 -Warray-bounds=2 -ftree-vrp -Wduplicated-cond -Wnull-dereference -fdelete-null-pointer-checks -Wshift-negative-value -Wshift-overflow=2 -Walloc-zero -Wduplicated-branches -Wformat-overflow=2 -Wformat-truncation=1 -Wrestrict -Wdouble-promotion -Wunused-const-variable -DHAVE_IOCTLSOCKET_CAMEL  -DHAVE_INTTYPES_H -DHAVE_SYS_WAIT_H -DHAVE_SYS_IOCTL_H -DHAVE_SYS_PARAM_H -DHAVE_SYS_POLL_H -DHAVE_SYS_RESOURCE_H -DHAVE_SYS_SELECT_H -DHAVE_SYS_SOCKET_H -DHAVE_SYS_STAT_H -DHAVE_SYS_TIME_H -DHAVE_SYS_TYPES_H -DHAVE_SYS_UN_H -DHAVE_SYS_XATTR_H -DHAVE_ARPA_INET_H -DHAVE_FCNTL_H -DHAVE_IFADDRS_H -DHAVE_LIBGEN_H -DHAVE_LOCALE_H -DHAVE_NET_IF_H -DHAVE_NETDB_H -DHAVE_NETINET_IN_H -DHAVE_NETINET_TCP_H -DHAVE_NETINET_UDP_H -DHAVE_POLL_H -DHAVE_PWD_H -DHAVE_STDATOMIC_H -DHAVE_STDBOOL_H -DHAVE_STDINT_H -DHAVE_STRINGS_H -DHAVE_TERMIO_H -DHAVE_TERMIOS_H -DHAVE_UNISTD_H -DHAVE_UTIME_H    CMakeFiles/cmTC_b62c7.dir/CurlTests.c.o  -o cmTC_b62c7  /usr/lib/x86_64-linux-gnu/libssl.so /usr/lib/x86_64-linux-gnu/libcrypto.so 
/usr/bin/ld: CMakeFiles/cmTC_b62c7.dir/CurlTests.c.o: in function `main':
CurlTests.c:(.text+0x1d): undefined reference to `IoctlSocket'
collect2: error: ld returned 1 exit status
make[1]: *** [CMakeFiles/cmTC_b62c7.dir/build.make:89: cmTC_b62c7] Error 1
make[1]: Leaving directory '/tmp/curl/build/CMakeFiles/CMakeTmp'
make: *** [Makefile:121: cmTC_b62c7/fast] Error 2


Performing Curl Test HAVE_IOCTLSOCKET_CAMEL_FIONBIO failed with the following output:
Change Dir: /tmp/curl/build/CMakeFiles/CMakeTmp

Run Build Command(s):/usr/bin/make cmTC_3ac4c/fast && /usr/bin/make -f CMakeFiles/cmTC_3ac4c.dir/build.make CMakeFiles/cmTC_3ac4c.dir/build
make[1]: Entering directory '/tmp/curl/build/CMakeFiles/CMakeTmp'
Building C object CMakeFiles/cmTC_3ac4c.dir/CurlTests.c.o
/usr/bin/cc   -W -Wall -pedantic -Wbad-function-cast -Wconversion -Winline -Wmissing-declarations -Wmissing-prototypes -Wnested-externs -Wno-long-long -Wno-multichar -Wpointer-arith -Wshadow -Wsign-compare -Wundef -Wunused -Wwrite-strings -Wcast-align -Wdeclaration-after-statement -Wempty-body -Wendif-labels -Wfloat-equal -Wignored-qualifiers -Wno-format-nonliteral -Wno-sign-conversion -Wno-system-headers -Wstrict-prototypes -Wtype-limits -Wvla -Wmissing-parameter-type -Wold-style-declaration -Wstrict-aliasing=3 -Wformat=2 -Warray-bounds=2 -ftree-vrp -Wduplicated-cond -Wnull-dereference -fdelete-null-pointer-checks -Wshift-negative-value -Wshift-overflow=2 -Walloc-zero -Wduplicated-branches -Wformat-overflow=2 -Wformat-truncation=1 -Wrestrict -Wdouble-promotion -Wunused-const-variable -DHAVE_IOCTLSOCKET_CAMEL_FIONBIO  -DHAVE_INTTYPES_H -DHAVE_SYS_WAIT_H -DHAVE_SYS_IOCTL_H -DHAVE_SYS_PARAM_H -DHAVE_SYS_POLL_H -DHAVE_SYS_RESOURCE_H -DHAVE_SYS_SELECT_H -DHAVE_SYS_SOCKET_H -DHAVE_SYS_STAT_H -DHAVE_SYS_TIME_H -DHAVE_SYS_TYPES_H -DHAVE_SYS_UN_H -DHAVE_SYS_XATTR_H -DHAVE_ARPA_INET_H -DHAVE_FCNTL_H -DHAVE_IFADDRS_H -DHAVE_LIBGEN_H -DHAVE_LOCALE_H -DHAVE_NET_IF_H -DHAVE_NETDB_H -DHAVE_NETINET_IN_H -DHAVE_NETINET_TCP_H -DHAVE_NETINET_UDP_H -DHAVE_POLL_H -DHAVE_PWD_H -DHAVE_STDATOMIC_H -DHAVE_STDBOOL_H -DHAVE_STDINT_H -DHAVE_STRINGS_H -DHAVE_TERMIO_H -DHAVE_TERMIOS_H -DHAVE_UNISTD_H -DHAVE_UTIME_H -fPIE   -o CMakeFiles/cmTC_3ac4c.dir/CurlTests.c.o   -c /tmp/curl/CMake/CurlTests.c
/tmp/curl/CMake/CurlTests.c:247:1: warning: function declaration isn’t a prototype [-Wstrict-prototypes]
  247 | main ()
      | ^~~~
/tmp/curl/CMake/CurlTests.c: In function ‘main’:
/tmp/curl/CMake/CurlTests.c:252:17: warning: implicit declaration of function ‘IoctlSocket’ [-Wimplicit-function-declaration]
  252 |         if(0 != IoctlSocket(0, FIONBIO, &flags))
      |                 ^~~~~~~~~~~
/tmp/curl/CMake/CurlTests.c:252:17: warning: nested extern declaration of ‘IoctlSocket’ [-Wnested-externs]
/tmp/curl/CMake/CurlTests.c:252:32: error: ‘FIONBIO’ undeclared (first use in this function)
  252 |         if(0 != IoctlSocket(0, FIONBIO, &flags))
      |                                ^~~~~~~
/tmp/curl/CMake/CurlTests.c:252:32: note: each undeclared identifier is reported only once for each function it appears in
make[1]: *** [CMakeFiles/cmTC_3ac4c.dir/build.make:66: CMakeFiles/cmTC_3ac4c.dir/CurlTests.c.o] Error 1
make[1]: Leaving directory '/tmp/curl/build/CMakeFiles/CMakeTmp'
make: *** [Makefile:121: cmTC_3ac4c/fast] Error 2


Performing Curl Test HAVE_IOCTLSOCKET_FIONBIO failed with the following output:
Change Dir: /tmp/curl/build/CMakeFiles/CMakeTmp

Run Build Command(s):/usr/bin/make cmTC_873d3/fast && /usr/bin/make -f CMakeFiles/cmTC_873d3.dir/build.make CMakeFiles/cmTC_873d3.dir/build
make[1]: Entering directory '/tmp/curl/build/CMakeFiles/CMakeTmp'
Building C object CMakeFiles/cmTC_873d3.dir/CurlTests.c.o
/usr/bin/cc   -W -Wall -pedantic -Wbad-function-cast -Wconversion -Winline -Wmissing-declarations -Wmissing-prototypes -Wnested-externs -Wno-long-long -Wno-multichar -Wpointer-arith -Wshadow -Wsign-compare -Wundef -Wunused -Wwrite-strings -Wcast-align -Wdeclaration-after-statement -Wempty-body -Wendif-labels -Wfloat-equal -Wignored-qualifiers -Wno-format-nonliteral -Wno-sign-conversion -Wno-system-headers -Wstrict-prototypes -Wtype-limits -Wvla -Wmissing-parameter-type -Wold-style-declaration -Wstrict-aliasing=3 -Wformat=2 -Warray-bounds=2 -ftree-vrp -Wduplicated-cond -Wnull-dereference -fdelete-null-pointer-checks -Wshift-negative-value -Wshift-overflow=2 -Walloc-zero -Wduplicated-branches -Wformat-overflow=2 -Wformat-truncation=1 -Wrestrict -Wdouble-promotion -Wunused-const-variable -DHAVE_IOCTLSOCKET_FIONBIO  -DHAVE_INTTYPES_H -DHAVE_SYS_WAIT_H -DHAVE_SYS_IOCTL_H -DHAVE_SYS_PARAM_H -DHAVE_SYS_POLL_H -DHAVE_SYS_RESOURCE_H -DHAVE_SYS_SELECT_H -DHAVE_SYS_SOCKET_H -DHAVE_SYS_STAT_H -DHAVE_SYS_TIME_H -DHAVE_SYS_TYPES_H -DHAVE_SYS_UN_H -DHAVE_SYS_XATTR_H -DHAVE_ARPA_INET_H -DHAVE_FCNTL_H -DHAVE_IFADDRS_H -DHAVE_LIBGEN_H -DHAVE_LOCALE_H -DHAVE_NET_IF_H -DHAVE_NETDB_H -DHAVE_NETINET_IN_H -DHAVE_NETINET_TCP_H -DHAVE_NETINET_UDP_H -DHAVE_POLL_H -DHAVE_PWD_H -DHAVE_STDATOMIC_H -DHAVE_STDBOOL_H -DHAVE_STDINT_H -DHAVE_STRINGS_H -DHAVE_TERMIO_H -DHAVE_TERMIOS_H -DHAVE_UNISTD_H -DHAVE_UTIME_H -fPIE   -o CMakeFiles/cmTC_873d3.dir/CurlTests.c.o   -c /tmp/curl/CMake/CurlTests.c
/tmp/curl/CMake/CurlTests.c:271:1: warning: function declaration isn’t a prototype [-Wstrict-prototypes]
  271 | main ()
      | ^~~~
/tmp/curl/CMake/CurlTests.c: In function ‘main’:
/tmp/curl/CMake/CurlTests.c:275:17: warning: implicit declaration of function ‘ioctlsocket’ [-Wimplicit-function-declaration]
  275 |         if(0 != ioctlsocket(0, FIONBIO, &flags))
      |                 ^~~~~~~~~~~
/tmp/curl/CMake/CurlTests.c:275:17: warning: nested extern declaration of ‘ioctlsocket’ [-Wnested-externs]
/tmp/curl/CMake/CurlTests.c:275:32: error: ‘FIONBIO’ undeclared (first use in this function)
  275 |         if(0 != ioctlsocket(0, FIONBIO, &flags))
      |                                ^~~~~~~
/tmp/curl/CMake/CurlTests.c:275:32: note: each undeclared identifier is reported only once for each function it appears in
make[1]: *** [CMakeFiles/cmTC_873d3.dir/build.make:66: CMakeFiles/cmTC_873d3.dir/CurlTests.c.o] Error 1
make[1]: Leaving directory '/tmp/curl/build/CMakeFiles/CMakeTmp'
make: *** [Makefile:121: cmTC_873d3/fast] Error 2


Performing Curl Test HAVE_SETSOCKOPT_SO_NONBLOCK failed with the following output:
Change Dir: /tmp/curl/build/CMakeFiles/CMakeTmp

Run Build Command(s):/usr/bin/make cmTC_a0eed/fast && /usr/bin/make -f CMakeFiles/cmTC_a0eed.dir/build.make CMakeFiles/cmTC_a0eed.dir/build
make[1]: Entering directory '/tmp/curl/build/CMakeFiles/CMakeTmp'
Building C object CMakeFiles/cmTC_a0eed.dir/CurlTests.c.o
/usr/bin/cc   -W -Wall -pedantic -Wbad-function-cast -Wconversion -Winline -Wmissing-declarations -Wmissing-prototypes -Wnested-externs -Wno-long-long -Wno-multichar -Wpointer-arith -Wshadow -Wsign-compare -Wundef -Wunused -Wwrite-strings -Wcast-align -Wdeclaration-after-statement -Wempty-body -Wendif-labels -Wfloat-equal -Wignored-qualifiers -Wno-format-nonliteral -Wno-sign-conversion -Wno-system-headers -Wstrict-prototypes -Wtype-limits -Wvla -Wmissing-parameter-type -Wold-style-declaration -Wstrict-aliasing=3 -Wformat=2 -Warray-bounds=2 -ftree-vrp -Wduplicated-cond -Wnull-dereference -fdelete-null-pointer-checks -Wshift-negative-value -Wshift-overflow=2 -Walloc-zero -Wduplicated-branches -Wformat-overflow=2 -Wformat-truncation=1 -Wrestrict -Wdouble-promotion -Wunused-const-variable -DHAVE_SETSOCKOPT_SO_NONBLOCK  -DHAVE_INTTYPES_H -DHAVE_SYS_WAIT_H -DHAVE_SYS_IOCTL_H -DHAVE_SYS_PARAM_H -DHAVE_SYS_POLL_H -DHAVE_SYS_RESOURCE_H -DHAVE_SYS_SELECT_H -DHAVE_SYS_SOCKET_H -DHAVE_SYS_STAT_H -DHAVE_SYS_TIME_H -DHAVE_SYS_TYPES_H -DHAVE_SYS_UN_H -DHAVE_SYS_XATTR_H -DHAVE_ARPA_INET_H -DHAVE_FCNTL_H -DHAVE_IFADDRS_H -DHAVE_LIBGEN_H -DHAVE_LOCALE_H -DHAVE_NET_IF_H -DHAVE_NETDB_H -DHAVE_NETINET_IN_H -DHAVE_NETINET_TCP_H -DHAVE_NETINET_UDP_H -DHAVE_POLL_H -DHAVE_PWD_H -DHAVE_STDATOMIC_H -DHAVE_STDBOOL_H -DHAVE_STDINT_H -DHAVE_STRINGS_H -DHAVE_TERMIO_H -DHAVE_TERMIOS_H -DHAVE_UNISTD_H -DHAVE_UTIME_H -fPIE   -o CMakeFiles/cmTC_a0eed.dir/CurlTests.c.o   -c /tmp/curl/CMake/CurlTests.c
/tmp/curl/CMake/CurlTests.c:365:1: warning: function declaration isn’t a prototype [-Wstrict-prototypes]
  365 | main ()
      | ^~~~
/tmp/curl/CMake/CurlTests.c: In function ‘main’:
/tmp/curl/CMake/CurlTests.c:367:43: error: ‘SO_NONBLOCK’ undeclared (first use in this function); did you mean ‘SOCK_NONBLOCK’?
  367 |         if(0 != setsockopt(0, SOL_SOCKET, SO_NONBLOCK, 0, 0))
      |                                           ^~~~~~~~~~~
      |                                           SOCK_NONBLOCK
/tmp/curl/CMake/CurlTests.c:367:43: note: each undeclared identifier is reported only once for each function it appears in
make[1]: *** [CMakeFiles/cmTC_a0eed.dir/build.make:66: CMakeFiles/cmTC_a0eed.dir/CurlTests.c.o] Error 1
make[1]: Leaving directory '/tmp/curl/build/CMakeFiles/CMakeTmp'
make: *** [Makefile:121: cmTC_a0eed/fast] Error 2


Performing Curl Test HAVE_O_NONBLOCK failed with the following output:
Change Dir: /tmp/curl/build/CMakeFiles/CMakeTmp

Run Build Command(s):/usr/bin/make cmTC_8a96c/fast && /usr/bin/make -f CMakeFiles/cmTC_8a96c.dir/build.make CMakeFiles/cmTC_8a96c.dir/build
make[1]: Entering directory '/tmp/curl/build/CMakeFiles/CMakeTmp'
Building C object CMakeFiles/cmTC_8a96c.dir/CurlTests.c.o
/usr/bin/cc   -W -Wall -pedantic -Wbad-function-cast -Wconversion -Winline -Wmissing-declarations -Wmissing-prototypes -Wnested-externs -Wno-long-long -Wno-multichar -Wpointer-arith -Wshadow -Wsign-compare -Wundef -Wunused -Wwrite-strings -Wcast-align -Wdeclaration-after-statement -Wempty-body -Wendif-labels -Wfloat-equal -Wignored-qualifiers -Wno-format-nonliteral -Wno-sign-conversion -Wno-system-headers -Wstrict-prototypes -Wtype-limits -Wvla -Wmissing-parameter-type -Wold-style-declaration -Wstrict-aliasing=3 -Wformat=2 -Warray-bounds=2 -ftree-vrp -Wduplicated-cond -Wnull-dereference -fdelete-null-pointer-checks -Wshift-negative-value -Wshift-overflow=2 -Walloc-zero -Wduplicated-branches -Wformat-overflow=2 -Wformat-truncation=1 -Wrestrict -Wdouble-promotion -Wunused-const-variable -DHAVE_O_NONBLOCK  -DHAVE_INTTYPES_H -DHAVE_SYS_WAIT_H -DHAVE_SYS_IOCTL_H -DHAVE_SYS_PARAM_H -DHAVE_SYS_POLL_H -DHAVE_SYS_RESOURCE_H -DHAVE_SYS_SELECT_H -DHAVE_SYS_SOCKET_H -DHAVE_SYS_STAT_H -DHAVE_SYS_TIME_H -DHAVE_SYS_TYPES_H -DHAVE_SYS_UN_H -DHAVE_SYS_XATTR_H -DHAVE_ARPA_INET_H -DHAVE_FCNTL_H -DHAVE_IFADDRS_H -DHAVE_LIBGEN_H -DHAVE_LOCALE_H -DHAVE_NET_IF_H -DHAVE_NETDB_H -DHAVE_NETINET_IN_H -DHAVE_NETINET_TCP_H -DHAVE_NETINET_UDP_H -DHAVE_POLL_H -DHAVE_PWD_H -DHAVE_STDATOMIC_H -DHAVE_STDBOOL_H -DHAVE_STDINT_H -DHAVE_STRINGS_H -DHAVE_TERMIO_H -DHAVE_TERMIOS_H -DHAVE_UNISTD_H -DHAVE_UTIME_H -fPIE   -o CMakeFiles/cmTC_8a96c.dir/CurlTests.c.o   -c /tmp/curl/CMake/CurlTests.c
/tmp/curl/CMake/CurlTests.c:515: warning: ISO C forbids an empty translation unit [-Wpedantic]
  515 | #endif
      | 
Linking C executable cmTC_8a96c
/usr/bin/cmake -E cmake_link_script CMakeFiles/cmTC_8a96c.dir/link.txt --verbose=1
/usr/bin/cc   -W -Wall -pedantic -Wbad-function-cast -Wconversion -Winline -Wmissing-declarations -Wmissing-prototypes -Wnested-externs -Wno-long-long -Wno-multichar -Wpointer-arith -Wshadow -Wsign-compare -Wundef -Wunused -Wwrite-strings -Wcast-align -Wdeclaration-after-statement -Wempty-body -Wendif-labels -Wfloat-equal -Wignored-qualifiers -Wno-format-nonliteral -Wno-sign-conversion -Wno-system-headers -Wstrict-prototypes -Wtype-limits -Wvla -Wmissing-parameter-type -Wold-style-declaration -Wstrict-aliasing=3 -Wformat=2 -Warray-bounds=2 -ftree-vrp -Wduplicated-cond -Wnull-dereference -fdelete-null-pointer-checks -Wshift-negative-value -Wshift-overflow=2 -Walloc-zero -Wduplicated-branches -Wformat-overflow=2 -Wformat-truncation=1 -Wrestrict -Wdouble-promotion -Wunused-const-variable -DHAVE_O_NONBLOCK  -DHAVE_INTTYPES_H -DHAVE_SYS_WAIT_H -DHAVE_SYS_IOCTL_H -DHAVE_SYS_PARAM_H -DHAVE_SYS_POLL_H -DHAVE_SYS_RESOURCE_H -DHAVE_SYS_SELECT_H -DHAVE_SYS_SOCKET_H -DHAVE_SYS_STAT_H -DHAVE_SYS_TIME_H -DHAVE_SYS_TYPES_H -DHAVE_SYS_UN_H -DHAVE_SYS_XATTR_H -DHAVE_ARPA_INET_H -DHAVE_FCNTL_H -DHAVE_IFADDRS_H -DHAVE_LIBGEN_H -DHAVE_LOCALE_H -DHAVE_NET_IF_H -DHAVE_NETDB_H -DHAVE_NETINET_IN_H -DHAVE_NETINET_TCP_H -DHAVE_NETINET_UDP_H -DHAVE_POLL_H -DHAVE_PWD_H -DHAVE_STDATOMIC_H -DHAVE_STDBOOL_H -DHAVE_STDINT_H -DHAVE_STRINGS_H -DHAVE_TERMIO_H -DHAVE_TERMIOS_H -DHAVE_UNISTD_H -DHAVE_UTIME_H    CMakeFiles/cmTC_8a96c.dir/CurlTests.c.o  -o cmTC_8a96c  /usr/lib/x86_64-linux-gnu/libssl.so /usr/lib/x86_64-linux-gnu/libcrypto.so 
/usr/bin/ld: /usr/lib/gcc/x86_64-linux-gnu/9/../../../x86_64-linux-gnu/Scrt1.o: in function `_start':
(.text+0x24): undefined reference to `main'
collect2: error: ld returned 1 exit status
make[1]: *** [CMakeFiles/cmTC_8a96c.dir/build.make:89: cmTC_8a96c] Error 1
make[1]: Leaving directory '/tmp/curl/build/CMakeFiles/CMakeTmp'
make: *** [Makefile:121: cmTC_8a96c/fast] Error 2


Performing Curl Test HAVE_GETHOSTBYNAME_R_3 failed with the following output:
Change Dir: /tmp/curl/build/CMakeFiles/CMakeTmp

Run Build Command(s):/usr/bin/make cmTC_28415/fast && /usr/bin/make -f CMakeFiles/cmTC_28415.dir/build.make CMakeFiles/cmTC_28415.dir/build
make[1]: Entering directory '/tmp/curl/build/CMakeFiles/CMakeTmp'
Building C object CMakeFiles/cmTC_28415.dir/CurlTests.c.o
/usr/bin/cc   -W -Wall -pedantic -Wbad-function-cast -Wconversion -Winline -Wmissing-declarations -Wmissing-prototypes -Wnested-externs -Wno-long-long -Wno-multichar -Wpointer-arith -Wshadow -Wsign-compare -Wundef -Wunused -Wwrite-strings -Wcast-align -Wdeclaration-after-statement -Wempty-body -Wendif-labels -Wfloat-equal -Wignored-qualifiers -Wno-format-nonliteral -Wno-sign-conversion -Wno-system-headers -Wstrict-prototypes -Wtype-limits -Wvla -Wmissing-parameter-type -Wold-style-declaration -Wstrict-aliasing=3 -Wformat=2 -Warray-bounds=2 -ftree-vrp -Wduplicated-cond -Wnull-dereference -fdelete-null-pointer-checks -Wshift-negative-value -Wshift-overflow=2 -Walloc-zero -Wduplicated-branches -Wformat-overflow=2 -Wformat-truncation=1 -Wrestrict -Wdouble-promotion -Wunused-const-variable -DHAVE_GETHOSTBYNAME_R_3  -DHAVE_INTTYPES_H -DHAVE_SYS_WAIT_H -DHAVE_SYS_IOCTL_H -DHAVE_SYS_PARAM_H -DHAVE_SYS_POLL_H -DHAVE_SYS_RESOURCE_H -DHAVE_SYS_SELECT_H -DHAVE_SYS_SOCKET_H -DHAVE_SYS_STAT_H -DHAVE_SYS_TIME_H -DHAVE_SYS_TYPES_H -DHAVE_SYS_UN_H -DHAVE_SYS_XATTR_H -DHAVE_ARPA_INET_H -DHAVE_FCNTL_H -DHAVE_IFADDRS_H -DHAVE_LIBGEN_H -DHAVE_LOCALE_H -DHAVE_NET_IF_H -DHAVE_NETDB_H -DHAVE_NETINET_IN_H -DHAVE_NETINET_TCP_H -DHAVE_NETINET_UDP_H -DHAVE_POLL_H -DHAVE_PWD_H -DHAVE_STDATOMIC_H -DHAVE_STDBOOL_H -DHAVE_STDINT_H -DHAVE_STRINGS_H -DHAVE_TERMIO_H -DHAVE_TERMIOS_H -DHAVE_UNISTD_H -DHAVE_UTIME_H -fPIE   -o CMakeFiles/cmTC_28415.dir/CurlTests.c.o   -c /tmp/curl/CMake/CurlTests.c
/tmp/curl/CMake/CurlTests.c: In function ‘main’:
/tmp/curl/CMake/CurlTests.c:75:19: warning: initialization discards ‘const’ qualifier from pointer target type [-Wdiscarded-qualifiers]
   75 |   char *address = "example.com";
      |                   ^~~~~~~~~~~~~
/tmp/curl/CMake/CurlTests.c:82:23: error: storage size of ‘hdata’ isn’t known
   82 |   struct hostent_data hdata;
      |                       ^~~~~
/tmp/curl/CMake/CurlTests.c:94:8: error: too few arguments to function ‘gethostbyname_r’
   94 |   rc = gethostbyname_r(address, &h, &hdata);
      |        ^~~~~~~~~~~~~~~
In file included from /tmp/curl/CMake/CurlTests.c:72:
/usr/include/netdb.h:177:12: note: declared here
  177 | extern int gethostbyname_r (const char *__restrict __name,
      |            ^~~~~~~~~~~~~~~
/tmp/curl/CMake/CurlTests.c:82:23: warning: unused variable ‘hdata’ [-Wunused-variable]
   82 |   struct hostent_data hdata;
      |                       ^~~~~
make[1]: *** [CMakeFiles/cmTC_28415.dir/build.make:66: CMakeFiles/cmTC_28415.dir/CurlTests.c.o] Error 1
make[1]: Leaving directory '/tmp/curl/build/CMakeFiles/CMakeTmp'
make: *** [Makefile:121: cmTC_28415/fast] Error 2


Performing Curl Test HAVE_GETHOSTBYNAME_R_5 failed with the following output:
Change Dir: /tmp/curl/build/CMakeFiles/CMakeTmp

Run Build Command(s):/usr/bin/make cmTC_1cb47/fast && /usr/bin/make -f CMakeFiles/cmTC_1cb47.dir/build.make CMakeFiles/cmTC_1cb47.dir/build
make[1]: Entering directory '/tmp/curl/build/CMakeFiles/CMakeTmp'
Building C object CMakeFiles/cmTC_1cb47.dir/CurlTests.c.o
/usr/bin/cc   -W -Wall -pedantic -Wbad-function-cast -Wconversion -Winline -Wmissing-declarations -Wmissing-prototypes -Wnested-externs -Wno-long-long -Wno-multichar -Wpointer-arith -Wshadow -Wsign-compare -Wundef -Wunused -Wwrite-strings -Wcast-align -Wdeclaration-after-statement -Wempty-body -Wendif-labels -Wfloat-equal -Wignored-qualifiers -Wno-format-nonliteral -Wno-sign-conversion -Wno-system-headers -Wstrict-prototypes -Wtype-limits -Wvla -Wmissing-parameter-type -Wold-style-declaration -Wstrict-aliasing=3 -Wformat=2 -Warray-bounds=2 -ftree-vrp -Wduplicated-cond -Wnull-dereference -fdelete-null-pointer-checks -Wshift-negative-value -Wshift-overflow=2 -Walloc-zero -Wduplicated-branches -Wformat-overflow=2 -Wformat-truncation=1 -Wrestrict -Wdouble-promotion -Wunused-const-variable -DHAVE_GETHOSTBYNAME_R_5  -DHAVE_INTTYPES_H -DHAVE_SYS_WAIT_H -DHAVE_SYS_IOCTL_H -DHAVE_SYS_PARAM_H -DHAVE_SYS_POLL_H -DHAVE_SYS_RESOURCE_H -DHAVE_SYS_SELECT_H -DHAVE_SYS_SOCKET_H -DHAVE_SYS_STAT_H -DHAVE_SYS_TIME_H -DHAVE_SYS_TYPES_H -DHAVE_SYS_UN_H -DHAVE_SYS_XATTR_H -DHAVE_ARPA_INET_H -DHAVE_FCNTL_H -DHAVE_IFADDRS_H -DHAVE_LIBGEN_H -DHAVE_LOCALE_H -DHAVE_NET_IF_H -DHAVE_NETDB_H -DHAVE_NETINET_IN_H -DHAVE_NETINET_TCP_H -DHAVE_NETINET_UDP_H -DHAVE_POLL_H -DHAVE_PWD_H -DHAVE_STDATOMIC_H -DHAVE_STDBOOL_H -DHAVE_STDINT_H -DHAVE_STRINGS_H -DHAVE_TERMIO_H -DHAVE_TERMIOS_H -DHAVE_UNISTD_H -DHAVE_UTIME_H -fPIE   -o CMakeFiles/cmTC_1cb47.dir/CurlTests.c.o   -c /tmp/curl/CMake/CurlTests.c
/tmp/curl/CMake/CurlTests.c: In function ‘main’:
/tmp/curl/CMake/CurlTests.c:75:19: warning: initialization discards ‘const’ qualifier from pointer target type [-Wdiscarded-qualifiers]
   75 |   char *address = "example.com";
      |                   ^~~~~~~~~~~~~
/tmp/curl/CMake/CurlTests.c:97:51: warning: passing argument 5 of ‘gethostbyname_r’ from incompatible pointer type [-Wincompatible-pointer-types]
   97 |   rc = gethostbyname_r(address, &h, buffer, 8192, &h_errnop);
      |                                                   ^~~~~~~~~
      |                                                   |
      |                                                   int *
In file included from /tmp/curl/CMake/CurlTests.c:72:
/usr/include/netdb.h:180:36: note: expected ‘struct hostent ** restrict’ but argument is of type ‘int *’
  180 |        struct hostent **__restrict __result,
      |        ~~~~~~~~~~~~~~~~~~~~~~~~~~~~^~~~~~~~
/tmp/curl/CMake/CurlTests.c:97:8: error: too few arguments to function ‘gethostbyname_r’
   97 |   rc = gethostbyname_r(address, &h, buffer, 8192, &h_errnop);
      |        ^~~~~~~~~~~~~~~
In file included from /tmp/curl/CMake/CurlTests.c:72:
/usr/include/netdb.h:177:12: note: declared here
  177 | extern int gethostbyname_r (const char *__restrict __name,
      |            ^~~~~~~~~~~~~~~
make[1]: *** [CMakeFiles/cmTC_1cb47.dir/build.make:66: CMakeFiles/cmTC_1cb47.dir/CurlTests.c.o] Error 1
make[1]: Leaving directory '/tmp/curl/build/CMakeFiles/CMakeTmp'
make: *** [Makefile:121: cmTC_1cb47/fast] Error 2


Performing Curl Test HAVE_GETHOSTBYNAME_R_3_REENTRANT failed with the following output:
Change Dir: /tmp/curl/build/CMakeFiles/CMakeTmp

Run Build Command(s):/usr/bin/make cmTC_d0ceb/fast && /usr/bin/make -f CMakeFiles/cmTC_d0ceb.dir/build.make CMakeFiles/cmTC_d0ceb.dir/build
make[1]: Entering directory '/tmp/curl/build/CMakeFiles/CMakeTmp'
Building C object CMakeFiles/cmTC_d0ceb.dir/CurlTests.c.o
/usr/bin/cc   -W -Wall -pedantic -Wbad-function-cast -Wconversion -Winline -Wmissing-declarations -Wmissing-prototypes -Wnested-externs -Wno-long-long -Wno-multichar -Wpointer-arith -Wshadow -Wsign-compare -Wundef -Wunused -Wwrite-strings -Wcast-align -Wdeclaration-after-statement -Wempty-body -Wendif-labels -Wfloat-equal -Wignored-qualifiers -Wno-format-nonliteral -Wno-sign-conversion -Wno-system-headers -Wstrict-prototypes -Wtype-limits -Wvla -Wmissing-parameter-type -Wold-style-declaration -Wstrict-aliasing=3 -Wformat=2 -Warray-bounds=2 -ftree-vrp -Wduplicated-cond -Wnull-dereference -fdelete-null-pointer-checks -Wshift-negative-value -Wshift-overflow=2 -Walloc-zero -Wduplicated-branches -Wformat-overflow=2 -Wformat-truncation=1 -Wrestrict -Wdouble-promotion -Wunused-const-variable -DHAVE_GETHOSTBYNAME_R_3_REENTRANT  -DHAVE_INTTYPES_H -DHAVE_SYS_WAIT_H -DHAVE_SYS_IOCTL_H -DHAVE_SYS_PARAM_H -DHAVE_SYS_POLL_H -DHAVE_SYS_RESOURCE_H -DHAVE_SYS_SELECT_H -DHAVE_SYS_SOCKET_H -DHAVE_SYS_STAT_H -DHAVE_SYS_TIME_H -DHAVE_SYS_TYPES_H -DHAVE_SYS_UN_H -DHAVE_SYS_XATTR_H -DHAVE_ARPA_INET_H -DHAVE_FCNTL_H -DHAVE_IFADDRS_H -DHAVE_LIBGEN_H -DHAVE_LOCALE_H -DHAVE_NET_IF_H -DHAVE_NETDB_H -DHAVE_NETINET_IN_H -DHAVE_NETINET_TCP_H -DHAVE_NETINET_UDP_H -DHAVE_POLL_H -DHAVE_PWD_H -DHAVE_STDATOMIC_H -DHAVE_STDBOOL_H -DHAVE_STDINT_H -DHAVE_STRINGS_H -DHAVE_TERMIO_H -DHAVE_TERMIOS_H -DHAVE_UNISTD_H -DHAVE_UTIME_H -fPIE   -o CMakeFiles/cmTC_d0ceb.dir/CurlTests.c.o   -c /tmp/curl/CMake/CurlTests.c
/tmp/curl/CMake/CurlTests.c: In function ‘main’:
/tmp/curl/CMake/CurlTests.c:75:19: warning: initialization discards ‘const’ qualifier from pointer target type [-Wdiscarded-qualifiers]
   75 |   char *address = "example.com";
      |                   ^~~~~~~~~~~~~
/tmp/curl/CMake/CurlTests.c:82:23: error: storage size of ‘hdata’ isn’t known
   82 |   struct hostent_data hdata;
      |                       ^~~~~
/tmp/curl/CMake/CurlTests.c:94:8: error: too few arguments to function ‘gethostbyname_r’
   94 |   rc = gethostbyname_r(address, &h, &hdata);
      |        ^~~~~~~~~~~~~~~
In file included from /tmp/curl/CMake/CurlTests.c:72:
/usr/include/netdb.h:177:12: note: declared here
  177 | extern int gethostbyname_r (const char *__restrict __name,
      |            ^~~~~~~~~~~~~~~
/tmp/curl/CMake/CurlTests.c:82:23: warning: unused variable ‘hdata’ [-Wunused-variable]
   82 |   struct hostent_data hdata;
      |                       ^~~~~
make[1]: *** [CMakeFiles/cmTC_d0ceb.dir/build.make:66: CMakeFiles/cmTC_d0ceb.dir/CurlTests.c.o] Error 1
make[1]: Leaving directory '/tmp/curl/build/CMakeFiles/CMakeTmp'
make: *** [Makefile:121: cmTC_d0ceb/fast] Error 2


Performing Curl Test HAVE_GETHOSTBYNAME_R_5_REENTRANT failed with the following output:
Change Dir: /tmp/curl/build/CMakeFiles/CMakeTmp

Run Build Command(s):/usr/bin/make cmTC_d3e85/fast && /usr/bin/make -f CMakeFiles/cmTC_d3e85.dir/build.make CMakeFiles/cmTC_d3e85.dir/build
make[1]: Entering directory '/tmp/curl/build/CMakeFiles/CMakeTmp'
Building C object CMakeFiles/cmTC_d3e85.dir/CurlTests.c.o
/usr/bin/cc   -W -Wall -pedantic -Wbad-function-cast -Wconversion -Winline -Wmissing-declarations -Wmissing-prototypes -Wnested-externs -Wno-long-long -Wno-multichar -Wpointer-arith -Wshadow -Wsign-compare -Wundef -Wunused -Wwrite-strings -Wcast-align -Wdeclaration-after-statement -Wempty-body -Wendif-labels -Wfloat-equal -Wignored-qualifiers -Wno-format-nonliteral -Wno-sign-conversion -Wno-system-headers -Wstrict-prototypes -Wtype-limits -Wvla -Wmissing-parameter-type -Wold-style-declaration -Wstrict-aliasing=3 -Wformat=2 -Warray-bounds=2 -ftree-vrp -Wduplicated-cond -Wnull-dereference -fdelete-null-pointer-checks -Wshift-negative-value -Wshift-overflow=2 -Walloc-zero -Wduplicated-branches -Wformat-overflow=2 -Wformat-truncation=1 -Wrestrict -Wdouble-promotion -Wunused-const-variable -DHAVE_GETHOSTBYNAME_R_5_REENTRANT  -DHAVE_INTTYPES_H -DHAVE_SYS_WAIT_H -DHAVE_SYS_IOCTL_H -DHAVE_SYS_PARAM_H -DHAVE_SYS_POLL_H -DHAVE_SYS_RESOURCE_H -DHAVE_SYS_SELECT_H -DHAVE_SYS_SOCKET_H -DHAVE_SYS_STAT_H -DHAVE_SYS_TIME_H -DHAVE_SYS_TYPES_H -DHAVE_SYS_UN_H -DHAVE_SYS_XATTR_H -DHAVE_ARPA_INET_H -DHAVE_FCNTL_H -DHAVE_IFADDRS_H -DHAVE_LIBGEN_H -DHAVE_LOCALE_H -DHAVE_NET_IF_H -DHAVE_NETDB_H -DHAVE_NETINET_IN_H -DHAVE_NETINET_TCP_H -DHAVE_NETINET_UDP_H -DHAVE_POLL_H -DHAVE_PWD_H -DHAVE_STDATOMIC_H -DHAVE_STDBOOL_H -DHAVE_STDINT_H -DHAVE_STRINGS_H -DHAVE_TERMIO_H -DHAVE_TERMIOS_H -DHAVE_UNISTD_H -DHAVE_UTIME_H -fPIE   -o CMakeFiles/cmTC_d3e85.dir/CurlTests.c.o   -c /tmp/curl/CMake/CurlTests.c
/tmp/curl/CMake/CurlTests.c: In function ‘main’:
/tmp/curl/CMake/CurlTests.c:75:19: warning: initialization discards ‘const’ qualifier from pointer target type [-Wdiscarded-qualifiers]
   75 |   char *address = "example.com";
      |                   ^~~~~~~~~~~~~
/tmp/curl/CMake/CurlTests.c:97:51: warning: passing argument 5 of ‘gethostbyname_r’ from incompatible pointer type [-Wincompatible-pointer-types]
   97 |   rc = gethostbyname_r(address, &h, buffer, 8192, &h_errnop);
      |                                                   ^~~~~~~~~
      |                                                   |
      |                                                   int *
In file included from /tmp/curl/CMake/CurlTests.c:72:
/usr/include/netdb.h:180:36: note: expected ‘struct hostent ** restrict’ but argument is of type ‘int *’
  180 |        struct hostent **__restrict __result,
      |        ~~~~~~~~~~~~~~~~~~~~~~~~~~~~^~~~~~~~
/tmp/curl/CMake/CurlTests.c:97:8: error: too few arguments to function ‘gethostbyname_r’
   97 |   rc = gethostbyname_r(address, &h, buffer, 8192, &h_errnop);
      |        ^~~~~~~~~~~~~~~
In file included from /tmp/curl/CMake/CurlTests.c:72:
/usr/include/netdb.h:177:12: note: declared here
  177 | extern int gethostbyname_r (const char *__restrict __name,
      |            ^~~~~~~~~~~~~~~
make[1]: *** [CMakeFiles/cmTC_d3e85.dir/build.make:66: CMakeFiles/cmTC_d3e85.dir/CurlTests.c.o] Error 1
make[1]: Leaving directory '/tmp/curl/build/CMakeFiles/CMakeTmp'
make: *** [Makefile:121: cmTC_d3e85/fast] Error 2


Performing Curl Test HAVE_GLIBC_STRERROR_R failed with the following output:
Change Dir: /tmp/curl/build/CMakeFiles/CMakeTmp

Run Build Command(s):/usr/bin/make cmTC_38535/fast && /usr/bin/make -f CMakeFiles/cmTC_38535.dir/build.make CMakeFiles/cmTC_38535.dir/build
make[1]: Entering directory '/tmp/curl/build/CMakeFiles/CMakeTmp'
Building C object CMakeFiles/cmTC_38535.dir/CurlTests.c.o
/usr/bin/cc   -W -Wall -pedantic -Wbad-function-cast -Wconversion -Winline -Wmissing-declarations -Wmissing-prototypes -Wnested-externs -Wno-long-long -Wno-multichar -Wpointer-arith -Wshadow -Wsign-compare -Wundef -Wunused -Wwrite-strings -Wcast-align -Wdeclaration-after-statement -Wempty-body -Wendif-labels -Wfloat-equal -Wignored-qualifiers -Wno-format-nonliteral -Wno-sign-conversion -Wno-system-headers -Wstrict-prototypes -Wtype-limits -Wvla -Wmissing-parameter-type -Wold-style-declaration -Wstrict-aliasing=3 -Wformat=2 -Warray-bounds=2 -ftree-vrp -Wduplicated-cond -Wnull-dereference -fdelete-null-pointer-checks -Wshift-negative-value -Wshift-overflow=2 -Walloc-zero -Wduplicated-branches -Wformat-overflow=2 -Wformat-truncation=1 -Wrestrict -Wdouble-promotion -Wunused-const-variable -DHAVE_GLIBC_STRERROR_R  -DHAVE_INTTYPES_H -DHAVE_SYS_WAIT_H -DHAVE_SYS_IOCTL_H -DHAVE_SYS_PARAM_H -DHAVE_SYS_POLL_H -DHAVE_SYS_RESOURCE_H -DHAVE_SYS_SELECT_H -DHAVE_SYS_SOCKET_H -DHAVE_SYS_STAT_H -DHAVE_SYS_TIME_H -DHAVE_SYS_TYPES_H -DHAVE_SYS_UN_H -DHAVE_SYS_XATTR_H -DHAVE_ARPA_INET_H -DHAVE_FCNTL_H -DHAVE_IFADDRS_H -DHAVE_LIBGEN_H -DHAVE_LOCALE_H -DHAVE_NET_IF_H -DHAVE_NETDB_H -DHAVE_NETINET_IN_H -DHAVE_NETINET_TCP_H -DHAVE_NETINET_UDP_H -DHAVE_POLL_H -DHAVE_PWD_H -DHAVE_STDATOMIC_H -DHAVE_STDBOOL_H -DHAVE_STDINT_H -DHAVE_STRINGS_H -DHAVE_TERMIO_H -DHAVE_TERMIOS_H -DHAVE_UNISTD_H -DHAVE_UTIME_H -fPIE   -o CMakeFiles/cmTC_38535.dir/CurlTests.c.o   -c /tmp/curl/CMake/CurlTests.c
/tmp/curl/CMake/CurlTests.c:377:6: warning: no previous prototype for ‘check’ [-Wmissing-prototypes]
  377 | void check(char c) {}
      |      ^~~~~
/tmp/curl/CMake/CurlTests.c: In function ‘check’:
/tmp/curl/CMake/CurlTests.c:377:17: warning: unused parameter ‘c’ [-Wunused-parameter]
  377 | void check(char c) {}
      |            ~~~~~^
/tmp/curl/CMake/CurlTests.c: At top level:
/tmp/curl/CMake/CurlTests.c:380:1: warning: function declaration isn’t a prototype [-Wstrict-prototypes]
  380 | main () {
      | ^~~~
/tmp/curl/CMake/CurlTests.c: In function ‘main’:
/tmp/curl/CMake/CurlTests.c:383:51: error: subscripted value is neither array nor pointer nor vector
  383 |   check(strerror_r(EACCES, buffer, sizeof(buffer))[0]);
      |                                                   ^
make[1]: *** [CMakeFiles/cmTC_38535.dir/build.make:66: CMakeFiles/cmTC_38535.dir/CurlTests.c.o] Error 1
make[1]: Leaving directory '/tmp/curl/build/CMakeFiles/CMakeTmp'
make: *** [Makefile:121: cmTC_38535/fast] Error 2


Performing Curl Test HAVE_BUILTIN_AVAILABLE failed with the following output:
Change Dir: /tmp/curl/build/CMakeFiles/CMakeTmp

Run Build Command(s):/usr/bin/make cmTC_b175a/fast && /usr/bin/make -f CMakeFiles/cmTC_b175a.dir/build.make CMakeFiles/cmTC_b175a.dir/build
make[1]: Entering directory '/tmp/curl/build/CMakeFiles/CMakeTmp'
Building C object CMakeFiles/cmTC_b175a.dir/CurlTests.c.o
/usr/bin/cc   -W -Wall -pedantic -Wbad-function-cast -Wconversion -Winline -Wmissing-declarations -Wmissing-prototypes -Wnested-externs -Wno-long-long -Wno-multichar -Wpointer-arith -Wshadow -Wsign-compare -Wundef -Wunused -Wwrite-strings -Wcast-align -Wdeclaration-after-statement -Wempty-body -Wendif-labels -Wfloat-equal -Wignored-qualifiers -Wno-format-nonliteral -Wno-sign-conversion -Wno-system-headers -Wstrict-prototypes -Wtype-limits -Wvla -Wmissing-parameter-type -Wold-style-declaration -Wstrict-aliasing=3 -Wformat=2 -Warray-bounds=2 -ftree-vrp -Wduplicated-cond -Wnull-dereference -fdelete-null-pointer-checks -Wshift-negative-value -Wshift-overflow=2 -Walloc-zero -Wduplicated-branches -Wformat-overflow=2 -Wformat-truncation=1 -Wrestrict -Wdouble-promotion -Wunused-const-variable -DHAVE_BUILTIN_AVAILABLE  -DHAVE_INTTYPES_H -DHAVE_SYS_WAIT_H -DHAVE_SYS_IOCTL_H -DHAVE_SYS_PARAM_H -DHAVE_SYS_POLL_H -DHAVE_SYS_RESOURCE_H -DHAVE_SYS_SELECT_H -DHAVE_SYS_SOCKET_H -DHAVE_SYS_STAT_H -DHAVE_SYS_TIME_H -DHAVE_SYS_TYPES_H -DHAVE_SYS_UN_H -DHAVE_SYS_XATTR_H -DHAVE_ARPA_INET_H -DHAVE_FCNTL_H -DHAVE_IFADDRS_H -DHAVE_LIBGEN_H -DHAVE_LOCALE_H -DHAVE_NET_IF_H -DHAVE_NETDB_H -DHAVE_NETINET_IN_H -DHAVE_NETINET_TCP_H -DHAVE_NETINET_UDP_H -DHAVE_POLL_H -DHAVE_PWD_H -DHAVE_STDATOMIC_H -DHAVE_STDBOOL_H -DHAVE_STDINT_H -DHAVE_STRINGS_H -DHAVE_TERMIO_H -DHAVE_TERMIOS_H -DHAVE_UNISTD_H -DHAVE_UTIME_H -fPIE   -o CMakeFiles/cmTC_b175a.dir/CurlTests.c.o   -c /tmp/curl/CMake/CurlTests.c
/tmp/curl/CMake/CurlTests.c:429:1: warning: function declaration isn’t a prototype [-Wstrict-prototypes]
  429 | main() {
      | ^~~~
/tmp/curl/CMake/CurlTests.c: In function ‘main’:
/tmp/curl/CMake/CurlTests.c:430:6: warning: implicit declaration of function ‘__builtin_available’; did you mean ‘__builtin_scalbl’? [-Wimplicit-function-declaration]
  430 |   if(__builtin_available(macOS 10.12, *)) {}
      |      ^~~~~~~~~~~~~~~~~~~
      |      __builtin_scalbl
/tmp/curl/CMake/CurlTests.c:430:6: warning: nested extern declaration of ‘__builtin_available’ [-Wnested-externs]
/tmp/curl/CMake/CurlTests.c:430:26: error: ‘macOS’ undeclared (first use in this function)
  430 |   if(__builtin_available(macOS 10.12, *)) {}
      |                          ^~~~~
/tmp/curl/CMake/CurlTests.c:430:26: note: each undeclared identifier is reported only once for each function it appears in
/tmp/curl/CMake/CurlTests.c:430:31: error: expected ‘)’ before numeric constant
  430 |   if(__builtin_available(macOS 10.12, *)) {}
      |                               ^~~~~~
      |                               )
make[1]: *** [CMakeFiles/cmTC_b175a.dir/build.make:66: CMakeFiles/cmTC_b175a.dir/CurlTests.c.o] Error 1
make[1]: Leaving directory '/tmp/curl/build/CMakeFiles/CMakeTmp'
make: *** [Makefile:121: cmTC_b175a/fast] Error 2


